25 0 33 167 296 221 65 216 179 234 36 116 180 54 168 34 108 85 41 275 87 164 99 184 249 110
25 75 212 103 72 7 80 88 8 4 294 162 134 159 148 286 246 203 161 299 259 260 276 24 127 133
20 13 210 62 220 136 92 58 95 15 137 227 290 150 193 273 218 225 285 56 107
20 105 144 74 171 187 18 263 261 200 38 125 156 63 60 57 198 19 267 213 44
20 129 79 245 226 21 113 91 232 224 96 281 188 39 166 53 32 230 174 277 128
15 214 282 29 284 102 28 172 244 40 241 146 204 121 239 217
15 14 202 222 64 122 82 50 185 68 271 254 295 157 111 26
14 209 207 158 268 236 11 3 170 86 243 258 27 191 61
14 177 89 253 197 117 163 298 160 23 237 73 22 109 195
11 140 114 6 48 147 269 190 76 42 90 283
9 93 101 131 70 25 235 201 10 287
8 119 81 118 5 83 138 205 98
10 139 16 124 45 248 35 112 199 219 291
7 196 181 265 20 255 31 238
6 266 223 250 242 106 292
8 78 264 51 12 55 115 59 155
4 152 141 182 289
6 67 145 104 280 192 43
5 228 142 71 176 297
6 252 126 154 100 66 288
6 215 30 17 120 256 262
5 206 279 251 272 97
5 186 233 47 143 231
3 123 229 37
5 194 270 240 46 1
3 69 135 293
2 189 94
3 208 278 153
2 173 84
3 178 52 77
1 149
2 9 49
1 132
2 211 151
1 257
1 175
2 247 169
2 274 183
1 130
1 165
1 2
0 
0 
0 
0 
0 
0 
0 
0 
0 
0 
0 
0 
0 
0 
0 
0 
0 
0 
0 
0 
0 
0 
0 
0 
0 
0 
0 
0 
0 
0 
0 
0 
0 
0 
0 
0 
0 
0 
0 
0 
0 
0 
0 
0 
0 
0 
0 
0 
0 
0 
0 
0 
0 
0 
0 
0 
0 
0 
0 
