15 2735 1335 7109 474 4094 1066 9256 1992 8640 7965 2432 2519 9313 2356 7956
19 1209 7928 2920 1900 88 677 1560 6466 1757 7475 187 3156 5440 5970 4309 3869 4379 6252 568
5 5018 7013 7399 9913 4435
6 4525 8773 48 8175 6783 7270
6 2465 7463 9707 9504 2695 6031
11 4839 2571 719 5868 84 4008 6002 8292 3629 8310 1178
11 2581 837 303 6412 6670 5335 9976 2135 2009 3580 7657
10 3607 1515 8878 9084 5497 4078 5137 1543 7005 7429
10 549 3253 1315 5299 2949 9393 4377 3696 4090 6403
19 9752 3442 9847 672 6822 3055 9619 423 1305 5693 4742 6263 1097 2015 2247 6689 1273 9003 4601
10 3090 8518 5192 9514 9563 8890 4494 2720 713 8731
7 5934 4679 700 5324 7861 7936 2883
7 3817 6277 6901 4059 1138 203 311
20 7957 6815 4758 1867 7070 1105 2917 9305 5445 6381 3307 769 4071 6706 8708 3549 5300 8477 7499 519
13 1776 8950 6663 9409 606 5235 9679 4855 5717 4618 8758 7929 563
9 2316 5860 3167 117 8670 4948 4058 3444 5769
20 5424 6916 5086 7913 2061 3555 9888 6695 6807 6831 273 8703 7040 9325 4307 7401 3855 6198 9675 3371
7 1040 9550 9449 222 1005 6228 768
10 6724 8329 372 9799 4894 2559 7952 4637 920 3578
9 3988 2384 7561 4842 961 9140 622 4214 29
10 8395 375 2869 2576 6961 9283 9216 24 4143 1135
11 5716 957 6115 8962 4150 3654 6541 5341 1664 734 55
21 9979 3281 7862 5885 2986 4346 541 1833 3149 9523 1978 2008 297 585 2912 157 3103 1888 7141 4495 8840
16 9581 268 7119 8102 3693 2941 2020 5598 3025 8342 489 445 583 8406 5406 5649
11 3030 1528 5381 4829 8204 741 1353 3471 7640 3743 4687
4 7318 5304 9207 9121
1 7468
18 8675 61 8559 8728 4788 6952 6456 1735 8520 9411 7877 4066 8420 6649 1993 1269 9626 6039
10 5902 6160 9901 1563 580 8179 3239 7799 9187 6965
2 7716 6321
4 2418 3457 3564 5161
4 2429 7227 1866 6633
2 3647 8184
15 610 3692 6424 2313 7911 1724 9291 2278 8578 4586 2327 5245 8587 1815 4882
12 5402 2774 9020 554 4098 4644 7229 2507 2944 6900 8564 113
5 6694 2176 1879 219 8698
7 6913 3008 7088 8271 3667 6767 3321
27 3168 6607 8509 2828 6780 9670 5343 7188 4475 6361 5222 6269 6418 9698 3410 6044 7709 1794 2531 4056 7849 5881 3697 1332 2324 6843 1447
7 7293 6912 8086 3049 8213 7064 8965
15 8189 6662 3708 5971 6794 1227 394 5027 7711 8787 4877 7810 9733 2296 3333
11 4536 7455 5227 3655 9820 7140 8630 4873 477 3245 8227
17 19 9166 1194 7186 6656 9046 6139 8149 6654 1407 8783 3918 3546 2603 1883 6529 666
15 7028 6502 3249 8029 3527 1492 8489 7435 1228 6485 3147 3409 1414 2589 7864
13 9090 3236 567 5218 2424 3276 6745 6189 696 1838 658 1170 2297
25 8932 9405 7687 6404 1637 1784 1384 8290 8736 5727 2233 9402 3294 1605 7612 1323 190 9935 7993 8458 1512 7287 6150 3311 7156
5 1773 7948 4984 7114 789
7 5615 3579 8557 7108 8024 9406 5991
11 7329 7398 817 1438 8484 1609 7198 7020 3826 4387 3358
12 3257 3197 3005 8302 1406 8262 9347 9649 9864 3540 2738 8711
10 6135 3596 5387 7325 2166 5808 739 4583 7889 3640
17 3651 1113 4781 7891 5213 1803 3575 4693 1372 5491 4260 1860 8425 6123 1630 2942 7180
20 6740 5948 3990 8158 7320 109 5237 1013 3148 2641 7129 9463 3758 5358 2538 4208 2079 5743 5858 9985
16 2714 4428 2536 6658 6329 726 9920 1024 8020 8459 2357 3138 6849 6199 9052 3608
23 2512 9473 4706 699 7230 9996 8055 9852 5875 4546 4885 9452 4414 6884 7471 1651 9128 7512 8209 8435 2748 6110 1874
25 8699 627 2123 2026 5113 8848 7116 4537 7704 6558 4511 1593 7210 6493 2838 6457 4959 8376 2788 3196 9137 902 9544 8323 8586
8 8739 1984 3951 1090 3208 6752 9246 2736
11 7553 5818 6877 2899 5034 1192 5572 2426 8021 8449 4437
25 5393 5990 6747 4648 6735 9974 6924 842 2791 2106 7846 3160 1734 2006 5654 5744 5112 945 315 864 8566 5359 4223 2928 8792
13 9685 2436 5487 9768 1635 8104 1973 1689 166 5510 1852 3029 7346
5 7575 8629 328 7357 5332
17 5721 9191 3384 3329 4352 400 7451 8073 7319 6851 7104 1100 5746 5060 9691 9851 3891
10 9503 2784 3459 3067 5856 8426 3170 9595 5698 9459
7 1625 3104 7082 2293 1674 2520 3202
17 1251 7117 7677 1489 8774 2963 271 7428 4200 2915 8713 2422 9087 3424 8715 7585 6377
12 6159 4170 6004 9495 3976 9666 3572 9306 1778 661 892 8277
8 7347 1421 3176 6068 2742 3773 513 6239
15 4184 5710 6155 4112 8447 2711 5500 2143 6786 7224 8548 4455 9412 2523 873
9 7314 499 8274 3849 8979 3024 6168 2230 1530
5 4575 6053 8967 8978 5517
8 874 6304 1697 5189 6164 6455 5480 4233
3 4467 5466 7804
13 8203 4084 8892 9401 9274 2335 4635 3461 8370 2957 6206 3334 3291
17 4624 1030 7768 3430 5049 3865 4935 457 8786 6741 6875 2975 3601 7792 965 5954 9556
9 3989 7779 1363 277 6756 4910 2511 8574 368
15 2147 7355 5890 1142 3396 608 4194 7927 9267 5369 4164 200 1121 5006 5089
17 9011 2401 1588 1002 6669 9320 8328 3910 4661 2626 530 209 6200 245 8573 9282 493
17 3779 2681 481 6804 9255 9965 4833 5996 6410 6208 2198 442 9806 9813 9602 8832 5983
15 7638 9627 6307 1995 7546 9316 3317 1524 7406 3362 206 3092 3947 6192 3354
19 4196 9469 6951 2455 8462 3068 3368 2642 4109 5636 1010 7379 4255 9845 1869 5554 2566 3510 5295
22 9559 2657 3129 1959 4794 697 7648 3786 2118 9385 8902 7372 1267 2495 1564 4421 4630 5540 5771 5425 8224 4848
6 5377 4717 1970 7248 482 1208
20 7373 3188 9012 8309 2539 6296 7631 730 2782 1177 6450 8207 9869 3403 5535 5748 5307 8784 9030 8254
20 825 41 5214 8440 8198 5205 6202 1054 2074 409 1955 3821 3017 9543 7975 150 5887 6765 212 720
6 9944 4665 2649 4836 2690 364
23 4673 248 8157 9078 5507 7249 3603 502 9874 7637 3541 1276 4080 3490 128 4502 332 3557 1218 6836 4507 7430 6327
3 6879 9636 2718
23 2605 8835 8346 4815 5025 2904 1221 2780 47 6360 9805 3866 6536 6003 8448 9890 428 3991 4761 5017 4867 9744 3426
22 2881 3830 1804 1527 8351 6125 9286 4980 8382 6255 565 3512 5282 6245 4154 8338 7255 1640 8040 7465 5285 6420
12 9144 8410 3381 6547 5541 7574 9631 8588 9830 6711 4349 4299
13 1908 5090 8434 1223 6473 7086 435 9586 4863 7446 3066 6265 3462
19 8464 5562 8803 6338 9487 3263 1200 5757 9628 3073 8915 8536 7666 1518 3411 9045 5516 326 2973
11 7196 284 854 3833 1655 2717 5120 718 4686 6409 168
4 7867 1830 1313 9927
15 448 1240 6012 5626 839 533 9640 9382 498 6922 7102 7557 1206 655 6942
9 5920 7000 7602 7580 1986 4246 6718 4048 4011
14 9252 2440 1260 5699 3105 2399 9633 3816 9297 4875 135 7876 5829 2783
16 9702 9105 9815 4207 4826 9926 3632 4807 4153 199 4920 9696 439 975 5955 9349
12 2112 615 69 7243 1843 419 7236 6029 4228 3083 6220 306
21 8991 4064 2518 601 1994 7572 3875 4830 2056 4482 1252 1904 780 4720 4225 1326 8521 4404 5712 5732 6069
21 8823 5777 802 7870 4088 318 8554 3108 9705 3739 9485 6430 3475 3200 2305 989 3717 8133 5347 8868 5663
24 9575 3544 6413 5816 5212 4285 3050 8816 951 9104 4703 5686 933 9109 417 57 1997 1233 95 956 8285 8146 3375 5711
5 2382 1500 5621 4107 8088
14 3795 6645 211 210 6475 640 2537 6186 6634 3602 7874 9947 5182 3199
23 3191 9769 6567 2261 4050 6550 6128 2216 4202 935 6058 7554 6021 3921 9757 1580 9254 5957 2167 1186 3605 7312 4558
11 5892 9353 3614 7097 9657 5566 6710 5888 2425 7737 3445
2 2573 2896
27 3114 2132 3966 9680 2497 1503 7567 1550 3585 8637 9549 4973 2031 7683 3938 3554 119 7085 1777 4733 6749 2338 9804 4250 2934 4705 7323
3 9735 1399 9579
17 9654 5240 290 4410 2992 3058 3915 4003 35 4657 6352 6316 9625 1628 1723 7662 7787
6 5156 98 8856 3193 977 9251
9 3566 7226 4016 9562 4782 5602 9483 3022 5668
14 4869 511 950 4405 4020 8219 7172 6474 8419 7690 6340 6818 8614 9925
23 164 830 497 1508 5158 9289 2856 2967 172 3666 3565 665 6000 6742 1729 6842 483 3680 3972 6563 1111 2036 3840
14 5054 9071 4666 4115 9951 782 9634 8940 9613 8653 4629 9524 8747 596
7 4029 3783 7277 8766 3594 8348 7444
14 4520 6856 9795 846 507 856 1873 3319 4613 5303 8681 7934 5477 6425
15 4028 5719 4602 3398 7337 5620 6903 6984 1 3740 984 1386 1272 267 2212
13 8079 5756 4376 8093 2245 9871 8192 1949 9511 8791 2916 2235 8085
15 4658 9557 6764 6293 4396 2570 1491 8989 9743 7668 266 4291 1963 1201 9954
14 2787 5779 1601 6503 9512 656 1460 2577 1792 4938 9042 6771 5627 3026
10 5917 1755 3842 2639 3885 9002 4411 1977 506 2352
3 5593 6526 476
13 2442 6392 7380 2825 9314 6454 1685 7174 5511 3116 7382 9620 3220
23 1634 7884 6575 9164 4137 1430 5783 8772 3616 7442 3420 1684 2635 9345 5351 4141 4245 7579 4940 2686 8128 1175 7710
17 2000 9464 7698 9179 7193 5539 6498 2250 9450 4297 2982 1797 7434 8796 3537 3036 1102
9 378 5234 4957 1627 6729 7190 2333 9477 3936
22 2999 6739 32 9190 5012 152 849 9681 6356 9018 2731 7494 3453 2470 7686 3414 6523 982 1863 6141 4656 7685
7 9751 9492 3542 5107 9064 2754 3539
24 5662 3615 4101 8042 3051 6398 8768 8995 8682 6446 3583 6438 8575 5678 7883 8034 3047 4409 1465 4587 1222 3112 4493 5650
12 4450 3906 381 7464 5352 6615 7034 761 9116 7211 9182 2600
19 9100 2041 3270 6076 2140 7628 1667 2077 9738 5503 6825 7152 895 753 6119 9118 330 146 8059
7 7882 2651 9130 6173 7994 8155 4887
6 7438 7492 9819 4806 8071 2663
20 6034 8831 4065 7253 3701 6966 4914 3807 4035 611 2060 9949 208 1106 9457 4659 8368 6357 2181 5291
23 2741 2180 3325 9712 6703 3502 1557 8955 9419 3789 9538 2409 1835 9171 6538 922 8530 2799 3370 3433 5495 9037 4652
14 6601 7922 3038 2952 1693 1529 8795 8194 3054 4704 2323 7208 5601 1647
21 881 2997 9341 7246 4585 8173 6985 7232 5428 832 8187 1910 9065 4481 2464 3879 1046 4953 6969 5656 5187
2 5674 5091
19 376 354 9872 313 6652 100 2937 5751 6927 2178 9135 9610 8110 6402 8609 6305 1913 6886 4645
15 986 2781 3493 7840 4139 2981 6261 3663 8546 3721 4024 6023 8421 5453 1884
15 6480 8035 6048 992 4854 4205 1245 241 8445 8236 8937 3732 6584 7663 9410
16 559 4544 102 2551 2927 475 6182 6705 823 9180 6648 233 3119 1496 9527 5267
11 5371 607 3057 169 6814 5135 6024 2207 9497 1845 7209
15 1215 5228 9832 2059 572 6216 751 6222 4372 4007 7364 1365 5799 415 2751
3 2660 4615 92
1 2591
6 1146 2654 5433 671 6537 7092
17 1686 8353 3818 7692 8854 6638 7759 8529 4318 6512 657 5069 908 3215 6026 5422 1281
6 8188 3993 9209 633 6196 8306
6 2119 9138 3435 1381 3468 1079
5 4880 4485 4643 645 7110
10 8785 7785 1319 9199 8615 422 3477 1587 3082 6101
16 8167 7386 3802 3366 6647 3117 5036 5584 4749 1762 5263 2033 9202 8367 7203 8504
10 6133 3636 2105 7284 7534 7847 2900 8298 4990 1733
20 9158 6244 9068 6580 9678 529 161 8112 3232 5344 7448 5690 6272 6809 9537 5642 4595 9429 8403 1324
19 9897 7682 9710 9576 531 5628 4171 2217 7901 3194 8379 6078 7665 7535 6270 9761 4913 225 66
23 3940 5287 853 8259 7548 617 552 660 7479 7636 2482 9262 8671 2776 9033 8642 1232 9923 5830 8555 348 2852 3778
19 2984 9375 8951 2304 2473 4764 1902 9617 1676 4593 2653 2585 7245 4713 2696 4786 1474 5375 7162
4 39 7732 1294 5982
12 6313 8030 8037 5050 8882 6639 7477 3338 4403 942 85 7684
20 380 3190 1487 4862 6009 9392 141 9127 9546 1349 6967 2831 4555 4639 4709 5815 2771 3958 6336 8191
2 1817 2480
5 3775 6380 708 6089 3760
21 5837 3169 6399 5766 1355 4021 2613 5409 9276 292 8876 6280 9475 8742 9737 921 4986 5241 9134 2434 7191
19 1369 2732 7856 9645 4017 9981 2919 1352 9242 4607 9273 1565 8973 4123 2171 7342 7912 896 704
20 5437 5724 646 8273 7135 3949 9742 300 6762 8665 3124 5124 5913 1346 6643 9842 4605 8176 6871 1886
19 5169 772 595 7916 5853 6896 4541 6618 6274 767 4930 7096 5866 7019 9972 5082 2578 4063 1239
19 9889 2930 1441 1553 5660 3102 6346 127 5366 5695 4034 1181 2385 7041 7239 2802 1537 1331 6989
20 2160 1613 9364 46 8523 8118 5043 8597 9564 871 7276 5088 6570 6251 1311 7811 6247 4366 8806 1509
4 7387 8116 3970 4027
21 1968 4664 1453 907 2817 9165 159 7777 3784 2745 4099 3513 6132 1745 1263 7730 2126 9684 9381 8595 3530
20 7746 7278 1631 8094 6213 6422 5838 2673 1250 3482 3345 4966 7043 8151 7256 9647 91 177 5170 3759
17 3205 494 2979 4256 7263 8938 6062 7411 8412 4872 7642 4326 8761 6719 9035 7010 7425
7 5426 2044 7171 1256 9394 1746 4070
20 1721 7816 7595 3290 8652 3364 2076 5238 9846 2661 1152 5622 2706 2857 8737 8804 7745 9466 9570 4371
16 775 2665 6805 5952 6597 1169 4344 5457 5557 5279 7282 3439 3451 156 6066 2406
10 9265 7134 2404 8228 1182 1023 7113 8190 2954 629
18 81 9858 5579 3326 2320 643 8695 4503 952 2652 5701 6893 7344 252 6407 1511 6956 4636
1 2288
10 8272 9177 709 9062 2187 8378 3098 4119 2368 1880
6 9561 3181 5374 4744 2291 1143
3 9263 9186 9763
13 2011 1494 6698 6484 2209 2394 6784 3315 7558 4958 2527 3669 3729
6 2355 3062 4400 6744 9159 8303
16 3418 7633 7315 1583 6589 1436 9948 8324 990 9458 7068 5679 9833 1422 5994 3524
22 6172 64 7118 3122 553 1189 7643 1415 9604 7808 3393 2240 560 4384 9481 2377 6716 1725 4331 6374 2386 8909
10 3746 5713 8719 9232 4792 1846 9900 403 444 2075
13 7309 7941 6279 4798 120 178 2753 9195 1109 2602 9731 4477 9044
20 2343 8860 2362 4300 2640 3952 2797 8970 9539 6946 5576 1738 1443 9156 3839 4497 374 3532 1862 4274
15 5260 6013 9836 1985 1081 1937 6971 115 5400 826 1864 5100 4888 4756 9964
12 2360 3531 8101 7933 993 4696 9234 9962 2675 97 8998 5553
7 1480 5405 2173 8300 7988 461 4006
15 843 4356 1160 674 5116 3904 5962 7457 5951 9132 9357 5914 5045 7216 5193
10 2505 105 5382 8243 546 930 1246 4355 1098 2275
18 1459 1325 7762 691 7456 8990 8694 6237 3623 1168 3770 6359 7555 2128 3434 369 1062 1942
9 6491 9249 9070 5847 3685 6082 7693 8263 3785
22 8667 4724 4327 9075 7445 5803 9101 353 578 3203 7513 2543 9505 9809 3227 1644 1523 7729 9975 2924 3793 9151
6 6476 4213 1768 2667 8245 6544
18 6902 2884 3867 876 1211 1475 5014 2115 3165 4130 4398 3675 6737 6672 4617 8996 4415 8220
9 967 6188 6283 3247 2453 3609 3261 9019 8493
19 397 5603 2045 7837 5087 5844 7169 4045 8617 7761 244 4195 4441 1595 175 7150 379 1660 8585
10 396 8506 2790 6587 2866 9952 514 1859 9928 6657
11 8038 6081 3099 8782 9963 7274 5861 8560 9812 5298 4588
17 9028 9133 9284 7576 5809 6094 5008 4858 1521 9655 382 6630 3829 1412 1110 254 8981
11 8257 7679 8485 7066 4699 4227 5899 2292 3373 2966 2314
18 7907 9408 4278 7769 867 8827 7466 1101 294 9612 459 3646 3465 4776 7629 8800 2260 4819
10 5031 106 9027 462 4328 6962 6593 2556 4270 2053
16 4834 189 2330 821 659 4879 949 4971 1700 3981 584 4089 2810 388 1302 7187
13 4944 8869 2477 4163 3648 4552 6579 5160 2072 969 1943 4838 9272
20 9424 6163 2525 886 2395 9641 3622 74 7275 6659 8058 3930 649 8851 9440 5310 8542 6832 8686 1455
8 5452 2415 8968 2110 8486 1620 5702 4347
20 7143 2270 8631 9288 7812 6331 8984 8164 7515 7697 711 7048 454 7562 7081 8062 934 458 1476 4623
9 6907 6098 9222 7301 23 3624 5632 883 2290
19 4247 5835 2108 2388 3901 8018 3657 2969 3258 6344 3896 8014 147 2558 979 2702 7503 5910 9822
15 7316 9912 7014 40 2095 3429 2035 9566 715 6243 9817 7778 5033 5792 9478
11 4884 7805 8610 1779 3974 1297 4105 4969 8956 1257 9346
9 8809 1458 9652 5070 4249 425 9516 4584 872
5 2122 2809 7532 3146 7613
11 2412 6582 5526 7604 377 2515 8266 3133 7103 5915 5995
15 3694 636 6426 4828 6367 7715 9228 5764 6121 5009 4397 8687 8214 7903 8645
14 6197 2867 1309 9031 8505 3228 4989 7984 9248 5684 2220 7197 3909 7829
8 4532 3798 6460 6882 4775 5824 4528 4965
11 5967 3843 7971 6297 7037 1912 8780 9077 4895 3621 6268
3 5001 9388 5903
16 4924 1872 2680 6850 2107 542 8028 3735 5356 4206 8075 9496 7873 4433 4638 8644
10 5619 1299 5021 249 9639 2121 9238 8953 2906 7453
16 1433 5550 1710 118 7915 4031 5465 4046 9264 4491 4871 4677 9526 2054 1016 2693
6 8239 3230 286 2842 3731 508
10 3905 8945 1220 3895 2407 7764 138 524 1391 1376
9 7176 1785 2184 1259 523 8987 5564 6333 2648
12 1004 3305 3946 1338 485 4800 3086 9054 3155 2948 6932 7569
3 7516 847 9377
6 4244 6757 8798 8510 7271 5441
19 9844 7207 7770 6156 1429 6930 6727 2156 599 6248 6746 2885 9632 8820 230 4353 9729 5221 5514
17 7501 8413 1048 1364 2565 8407 1117 7080 8373 6904 4714 3499 4857 1282 7234 121 8296
19 7817 1589 6393 5219 7724 2921 8664 9553 7498 5064 9896 6865 6677 9089 352 1643 9950 5451 1051
11 9624 408 799 4937 1179 5323 2315 8500 9438 7078 1947
16 8244 6416 8316 7830 4113 5076 2875 4653 5770 4302 9741 2164 2547 1716 1896 7794
8 3469 7564 4236 1820 2467 1752 509 1855
12 8160 6925 3421 193 6067 5099 3394 7370 4117 6218 6178 1067
21 5481 3754 7573 9701 4498 8801 6161 1930 5782 716 8288 7691 5567 2898 2206 2989 1069 2174 4293 9623 4594
3 2374 2043 4796
8 4301 5941 1197 2958 7592 1891 516 9911
21 4689 7361 544 9980 7822 5879 6909 7221 9370 4939 137 8051 5105 2972 1166 1008 5933 4907 9837 8603 2393
15 938 2568 7339 3314 3157 2192 5608 3507 7334 6999 2023 8033 1504 1417 9073
8 1831 4853 2541 9082 5123 8401 3505 3859
4 2346 4147 7843 3751
11 3173 2760 1271 4767 1193 3085 1330 865 1790 8895 4802
17 5394 3691 8312 3466 3986 3790 1531 4068 5610 2065 4159 6179 4866 7415 8103 8229 5907
21 1188 4114 9268 2048 5074 9482 8864 1045 987 6041 6566 9611 3851 8533 5709 8638 3044 7508 1979 52 9441
17 355 1532 6562 2025 7727 833 5700 6056 7931 7474 3874 5998 7145 6674 7872 163 7924
13 5101 6386 3862 1248 9859 2630 4784 2246 9303 6379 9849 4074 2397
6 7267 7122 4449 8952 9992 3211
8 9720 30 2893 1561 6106 1096 8339 7075
7 272 130 6238 6319 6915 342 8023
15 5462 7793 4559 2910 1104 4634 1348 1692 1292 76 7488 9074 2907 929 1944
5 3278 7493 3225 6868 7926
16 8072 897 2234 7609 2264 7366 2057 6751 8237 3584 1791 7422 3811 3782 6103 2191
5 285 550 8815 5211 6190
17 6808 7749 9789 7167 9226 3425 3673 9823 365 4224 1875 8662 2612 4564 9687 4496 2366
18 2766 8099 7894 3476 1799 281 1393 1639 1176 1392 4561 4211 9882 6596 9328 1960 7614 8857
7 2272 5708 6885 7726 1787 8444 1159
12 1934 9667 3997 8416 6905 1466 7680 6301 463 8620 4282 8182
21 4209 7045 1568 890 4892 2846 7392 4787 808 1541 2086 3799 5534 402 8659 5878 3509 538 7857 8159 8843
9 2082 7900 4019 9106 4062 5372 2040 5635 6610
16 6921 15 5959 7654 3271 2548 8691 8746 215 6120 9208 9433 8928 862 8026 6838
13 698 4824 3765 1198 6800 1679 9474 6910 1638 5569 4832 2468 8511
14 6548 2796 4111 8830 387 8494 9324 1428 3210 8562 9584 2052 8193 8446
7 4087 2179 9319 2557 4628 6515 3750
7 6181 5317 4773 3710 1709 4981 310
19 4722 6134 6883 280 8148 1584 7998 7407 6114 8150 7381 4104 5302 777 7920 3007 3498 3231 4314
14 2141 7414 536 1203 6104 6681 4406 6848 9724 9167 6793 9379 9881 5256
8 8366 7806 1603 1922 3752 8871 5201 1264
18 8721 1470 2622 5725 2248 7222 6345 5386 819 7949 1981 7754 8760 8109 3450 9644 7490 9420
18 6683 3075 2874 8904 3496 2645 4921 857 5289 8502 4856 2402 1748 5901 5329 5630 2241 8743
9 5864 9192 7987 5176 8111 2769 4085 3561 275
17 4470 2977 8799 9694 7542 21 1539 65 4654 5188 8186 2229 4642 2901 1598 4456 8097
10 8125 6391 4167 4072 3845 7383 5062 2835 8918 3570
16 9160 9143 9240 7120 6443 9141 9592 9513 350 4221 3372 6641 9229 6036 6987 3597
10 6696 2439 8793 1448 6642 3592 2359 1368 4566 6140
18 4685 6389 6699 9221 6437 9810 7967 3854 2804 2607 8550 4667 6963 6451 7712 959 6203 6769
13 880 1431 893 1389 4821 6898 6211 9001 8901 384 9219 8491 9298
13 4340 6680 4014 8326 1907 9838 2417 5163 1810 9607 5301 7305 9300
12 793 4394 1924 5380 9826 624 7659 9734 2021 3432 3216 8481
10 2863 2670 5134 1695 586 4734 6253 4086 3722 6571
12 1715 8988 2037 3761 6157 8819 3031 5373 3454 5306 7898 2125
16 2931 9322 7205 1255 7525 6775 6864 484 1612 4453 8007 1861 7194 9987 5040 1464
5 1071 2829 8788 5250 7065
17 8624 2104 6223 9000 9362 320 7164 4550 319 6722 9157 2513 9790 9800 8134 395 8027
7 9015 7389 3757 2281 9038 1061 202
11 5039 4772 6519 2841 8926 9299 9968 3308 1774 947 6591
15 9508 2938 9659 1424 5208 2909 3135 412 2601 8225 9368 2383 3127 2034 4263
16 5658 2534 8826 5527 7866 8807 7006 9056 5041 1461 235 612 2882 2332 8063 7341
7 6463 9754 1946 6839 3295 2228 8450
14 8661 7940 2042 816 4690 1656 8551 133 9006 7142 3610 2309 7594 1871
8 8553 196 4266 779 3474 8814 4916 582
13 8126 5909 7384 4499 8218 4539 5519 8293 6201 3846 7627 2373 5094
3 2722 2089 9287
7 6462 953 4472 6866 7296 1840 7809
4 8253 5155 8883 7918
2 8767 2758
16 4625 6235 7865 5210 10 4426 2370 6619 3285 7763 4675 3079 6708 9321 9479 3924
16 8741 5305 4121 8598 7231 9998 9785 501 1911 9155 6678 9784 7647 2479 5670 2737
8 3163 9574 8534 5794 5486 1800 7620 6880
10 6363 6821 9333 3992 2636 3121 5768 3070 4125 9908
5 5664 1012 7624 8064 1844
15 7502 7004 1199 8627 2319 7823 4515 912 2444 8334 4343 6806 576 9330 670
16 1591 5247 9934 3963 5692 2375 4701 2 2498 1736 9230 8963 3463 5026 8017 3436
12 2959 6085 1688 852 3925 3967 680 7149 8428 2154 6306 1967
16 3645 4330 2438 4378 1771 5559 194 5133 2713 5268 7266 4608 3269 6378 2621 6059
16 3877 8960 8212 5556 2933 9444 5411 3547 6406 6684 7689 3556 6713 93 3186 3443
3 6581 4329 7483
5 5353 3574 4317 9436 7630
12 6743 2063 3501 1317 4012 4768 7796 4096 7755 4248 5092 5804
2 754 1339
7 9358 9994 6857 8911 7262 83 3341
21 4486 3672 5278 6605 4718 3328 3174 1897 1396 4711 2078 1876 3039 9407 1420 8547 736 6064 8540 936 8688
17 946 490 2694 724 2526 5154 4669 4651 5473 4533 4358 8646 8136 561 5314 9983 6824
5 4038 3948 7701 1681 7909
18 7394 6165 8307 7566 1980 255 4840 9302 2151 1123 4073 6312 2599 3606 4055 5523 8764 8650
13 6353 1328 6290 9778 7077 2345 4128 8105 3772 5073 3356 9361 1592
16 3753 7148 4357 4893 1842 4473 8916 2808 6974 6138 8268 1819 5582 683 3977 1747
3 613 8605 3292
2 9378 492
6 928 7842 2137 7440 2935 9418
5 3213 3714 4043 5801 7147
18 3550 4219 6452 6730 399 3593 3847 1756 6726 6920 7091 8516 3339 6810 8140 9139 7672 4942
3 7972 7610 9270
12 8692 2400 9758 7462 2614 5005 4523 3625 2729 3293 4204 695
18 6495 6728 9085 9779 2945 6888 9103 692 6375 2535 1921 6292 67 543 5143 4899 7935 5472
18 134 5999 8261 918 7259 1741 9541 2596 8289 5532 5442 3894 7750 4033 8460 4106 5042 924
17 5694 5379 6488 3661 11 5583 6820 7178 9421 8974 4777 3999 9022 3267 5464 4235 3534
13 7904 338 1590 7547 7587 4009 3282 639 5171 9919 4562 2501 6779
13 8749 4843 592 6953 866 8935 3115 2390 7132 6146 3689 6830 4582
4 8872 9247 8571 5417
17 1624 2341 9884 3137 3428 8400 2633 6231 6240 5880 689 4060 7363 8431 7009 2051 9351
6 3145 8345 4002 774 5262 4646
8 6578 4212 8383 1037 3959 4964 3077 894
16 3494 1394 7288 6184 5104 3449 8545 3182 4272 1308 216 5976 2452 7645 4543 3340
4 1041 7650 8492 7990
17 8705 5122 6622 618 151 4692 6447 776 1029 6625 2504 4851 1395 9114 991 4365 2218
13 8108 3907 9534 5364 9205 9583 282 9110 5340 1337 1383 7220 688
11 8745 3277 9783 4487 9029 4443 4688 9043 8031 5470 9026
11 5072 4264 2710 6692 5140 6234 8470 8004 9593 9023 1283
13 3256 8291 1822 6423 2715 6602 2561 9542 3221 2805 4457 5172 8755
14 6281 2580 3776 518 1702 2923 614 3154 4825 7651 714 5389 6047 9879
16 2837 6926 678 6939 9490 2506 1073 4279 6799 1767 4682 7021 2268 1772 2740 5715
4 9880 4747 1027 9843
16 103 2595 9941 5004 8177 7757 4985 7368 5023 4440 8775 3470 889 5016 2978 274
12 257 129 126 575 9376 3222 9150 2859 2205 3573 9671 2851
3 1814 9498 1626
14 3139 7507 366 8649 5992 5385 3767 4845 2765 2850 9722 8976 3595 1834
2 2344 8563
16 1905 3404 6712 5180 304 8693 5083 6772 8590 740 1499 9462 1781 527 2024 3251
4 4898 5780 1416 6167
8 6863 78 6415 2153 1320 5929 1031 4290
13 3487 4569 3 4988 3377 1513 7560 357 7529 7090 9355 515 9767
2 7094 6527
13 4092 37 7807 7791 9397 2437 6970 4809 6982 8933 2844 6038 9225
9 594 7626 3316 8748 4906 744 90 1411 1468
6 3150 434 6366 8475 8343 4138
15 8917 3323 3123 8544 9658 1236 112 5651 9292 9136 1720 5786 9716 517 153
3 1501 8903 5226
4 6102 3416 7506 5284
12 279 3447 3201 5587 2139 6326 7879 7570 4093 7062 6861 6444
13 8576 800 405 3065 2631 1130 122 5767 9213 9113 5391 5911 5919
2 239 4471
4 4232 4518 4590 5444
12 5102 1753 1783 6908 5117 6873 8906 6542 7237 283 4698 3027
4 4388 6116 5958 1555
15 5908 5191 4044 9142 6171 26 3902 6459 1047 6513 2546 5139 4770 4168 2861
18 7100 5061 1402 6609 9163 1310 2213 2175 1914 3241 6262 5872 9816 4992 7615 238 6436 8725
5 9780 6187 7298 6583 8344
16 1525 4591 916 5785 4997 7743 8074 3635 8616 6629 1345 1275 9460 4489 5704 6833
18 3962 8961 232 5600 9643 9955 6983 1307 1154 5640 5249 1714 9939 9706 9709 5730 887 3392
15 4135 2116 7790 6122 4198 3141 1471 7024 7788 3699 1217 4312 7326 4075 6043
13 7125 5259 9083 2947 7718 278 4136 6042 4547 1988 2478 4978 836
19 8284 5032 732 4251 958 4407 8993 9428 2244 909 9278 8591 6083 8169 495 171 6574 6339 1870
15 3508 1534 728 7781 3009 7007 5529 5308 9554 5537 3893 2762 8437 6682 9366
16 3828 6816 2960 4660 386 2159 8067 4805 5097 4549 1034 3536 5243 6862 8833 9917
8 1286 1075 2955 7819 433 8549 473 3824
13 2204 2364 5734 3011 3212 4979 7101 2109 8009 1342 733 1042 9384
7 4647 1832 1435 1982 6897 686 7403
11 694 3052 2777 1668 3351 7599 2340 1761 2443 537 5981
10 4316 5482 5292 256 8750 8811 9403 9571 4368 7538
10 4460 4789 8166 5216 7286 9337 863 8986 7192 2532
2 2142 4941
4 8997 243 9231 174
14 5625 6617 5689 9988 8621 6858 1516 1818 9848 1953 6778 1387 8958 1850
12 4032 3359 3748 2231 453 6522 6396 7588 8881 581 242 8601
6 8299 5233 2994 8415 5313 1956
13 7798 4890 5810 3159 3045 5862 1277 4190 2990 4217 6486 7944 3473
4 2768 5184 9183 1000
15 7340 2854 8593 4947 9480 2129 6540 17 9894 2144 6105 663 3763 512 8264
11 4810 9798 1314 6774 1050 7510 4632 8025 9185 7707 7195
12 6226 1597 7999 3968 7046 5167 293 6940 7351 9867 6785 5565
13 9967 5986 5512 1065 4429 1145 2956 2299 6298 7402 8242 77 2308
9 7454 9697 1649 970 684 9630 3856 4903 3686
13 9072 1235 6505 2684 7352 3808 4620 4919 4464 467 3101 2431 742
2 1140 6397
