104 6428 2921 5954 7833 3160 2820 7136 5831 2098 3060 2139 4506 7590 2822 45 835 1785 2635 9997 2772 2603 9670 2854 3117 8450 3042 6933 1959 6261 2446 2234 493 6599 9475 7759 2734 2368 7245 5260 4172 8103 333 1666 2922 3039 6440 8033 5454 5679 1711 6812 9832 2440 5634 5876 8854 5266 6613 1434 8980 2150 2758 8019 9861 389 3516 156 1179 5959 2863 7318 4467 6198 3425 5604 7080 8232 2223 187 8172 1134 9822 9738 9053 4904 7849 5455 7643 8725 9058 1566 6340 9151 7851 5371 6975 6885 3660 3183 6130 6056 3883 6781 7678
105 2717 9145 691 2995 2849 4967 2600 2584 3636 3353 3190 6430 1111 9141 2870 3448 9191 5254 4114 8598 9351 6570 719 5832 3187 6507 5588 9392 820 7320 295 4891 7138 3016 4611 3249 4182 5482 6096 9106 4115 701 3592 1826 681 9581 1408 327 8078 3491 8141 586 7782 7277 5835 3216 2586 3766 8044 1579 7674 3922 2038 3831 8544 1808 8858 4523 3440 526 9413 306 42 9601 3873 3709 102 8786 8220 1999 577 9159 9014 9180 1813 6042 3875 3155 1717 4078 6229 6423 7653 5014 2805 4119 3387 4768 6808 175 9168 78 9049 2851 8424
97 8995 7584 9189 9435 4935 5046 1574 934 207 7418 4189 3423 6950 9371 1048 660 9888 8946 1769 152 4052 13 4466 1572 4974 9988 7937 3153 4960 6197 2209 4071 7148 7426 602 5919 1141 570 746 9111 6392 1587 8097 962 6424 8099 4322 9714 4804 5465 7576 3363 9488 138 4065 3590 1109 7883 8849 2672 7914 4852 4141 654 2417 4753 8551 9321 8346 2265 4077 3123 5057 4473 2378 1472 5062 1386 7662 1965 7633 5777 6603 4764 7427 4760 9543 445 9282 1577 2182 8057 5500 7995 9340 671 1641
101 4398 7828 3236 3511 4616 9215 7324 8595 9155 666 4661 8709 9925 8315 3256 3815 558 9872 6845 2993 6669 2652 2452 395 1753 5798 7822 9284 2636 993 6190 3145 5552 1466 6891 8407 6638 7609 3902 2823 3233 8453 601 9211 7735 1764 9742 8724 9328 7901 8267 1817 5354 4801 9858 5262 8090 4469 4049 7760 3968 3611 1187 8644 2146 5370 9054 3562 8085 9890 7256 8372 2711 7313 9594 1938 8561 8698 3877 1660 3075 1788 3265 8579 724 750 5030 929 8039 5524 3198 957 2563 6956 3384 9696 2414 6227 1833 5160 9960
97 2648 2830 7132 5233 8546 2163 6021 5703 6330 8404 5955 3860 9440 8299 5645 8184 4107 9561 3581 4830 5673 1377 7613 804 9814 8502 2091 1204 3240 1599 3756 4581 9194 5325 6791 5147 1568 482 7642 2381 9764 7794 8607 9246 4759 3288 377 9445 6257 2191 2766 7229 2156 4634 1143 773 1752 1387 4574 1030 2996 7382 688 5801 7179 8246 1573 6982 9688 2198 7545 625 1415 8896 2517 9360 816 7205 8669 4349 1824 5535 3827 4260 9446 7566 7855 3832 7047 3452 4671 474 4501 1595 8948 3210 5326
106 4980 6557 4662 7006 2607 6488 2847 4494 94 7297 280 3076 3782 862 4922 1492 9740 1130 8121 8545 3704 3209 3720 5837 3104 90 2698 7781 2713 1359 2765 6543 8653 7606 9157 5130 1539 9443 8961 8183 8364 1942 4949 5097 5388 9692 8394 994 6668 9887 3025 7639 7186 9718 3492 4447 9662 1925 8730 6897 5383 7337 159 2086 1846 5944 1831 9031 7175 9038 1512 4805 4303 8472 2297 9727 9213 9248 2550 596 7511 27 8383 275 5467 3235 4474 3171 436 2496 5557 1125 9288 4246 8504 286 3169 6152 2351 5613 3179 3632 1191 1425 4397 352
94 3181 8128 8440 1312 8339 3482 6770 2864 9498 8590 4796 9243 23 9447 3929 9589 1271 3247 2090 846 7539 8568 6154 6319 8406 1035 2583 626 6980 3665 1038 9136 8447 5336 3496 405 3505 7216 9538 3628 8468 7487 8835 2803 6425 2795 2202 5939 7704 8207 3775 698 4433 7030 6347 6001 8152 839 4236 4989 6597 7343 6683 1893 6785 1062 3551 4066 6671 7720 7222 7494 9957 612 5241 4392 5008 9850 9826 523 5049 811 766 1896 5967 476 4878 1691 3503 8205 7918 8366 7708 1247
96 8983 5041 4166 3856 9992 726 6062 8432 6497 6687 534 6720 7946 4701 5532 9417 4057 1424 6931 8657 6578 6796 1364 9791 4632 5595 3533 4797 3991 1060 1468 7574 5608 7096 4060 6214 5503 7984 4794 5952 1348 3128 4338 7793 5149 9117 5245 9166 7235 3765 3119 7787 5583 4390 5756 8654 2335 6600 551 6610 2785 3911 2332 8523 2793 3878 548 8386 5771 6729 553 9820 9942 314 3361 1734 7395 8543 9257 5941 6879 3833 8125 5846 3693 2241 8177 7448 1365 1437 9366 9460 182 9913 9037 6245
94 4766 9336 9868 4543 3681 4754 7569 328 9584 1196 8927 5889 1040 552 188 2874 5195 2442 9200 3534 5334 9104 1956 7015 687 4170 4259 4757 5492 2330 5984 3258 4122 5324 457 330 5973 1339 4568 9635 7031 9591 8971 7115 9695 9361 3772 2890 8740 5475 8678 8434 528 1330 5528 910 1712 8170 3701 1768 416 8227 3937 554 2554 3972 1842 3656 7439 2152 9441 256 9202 2954 5934 4765 8870 6200 7397 9568 8399 4773 8492 4994 5555 8934 656 6461 6265 1556 8710 8166 4951 1805
98 281 8952 2365 5903 5136 1704 6640 7251 8903 1531 5209 7402 7475 5197 3899 3630 5653 4807 7871 5213 9743 7380 1285 9756 3051 1746 6857 1807 2069 5966 2000 4088 8026 8977 6888 3460 6595 4238 9747 5721 3471 2813 9075 8080 8415 7695 810 5069 8073 1186 6992 3027 68 5564 2649 1113 446 6765 5886 1491 227 6151 8286 7496 8134 7329 5206 1021 7529 9131 8143 4507 4751 8850 6294 6959 5908 3579 2855 7173 498 3575 1751 7183 1924 8017 4660 1067 7011 8969 5865 8565 5077 2557 336 915 2005 9470
91 6754 4481 4996 4944 49 2418 4808 89 4503 9951 8592 128 271 6093 5938 5740 1816 8027 5917 8297 2836 7358 854 9492 6778 8851 3501 417 4169 2524 1066 7014 5529 6890 3383 34 2604 5898 5476 8781 8481 8513 191 5113 1192 544 9506 450 7694 1140 7611 2777 1779 6819 5511 4068 7421 8400 5914 1670 702 7042 3339 665 5965 6046 3333 9227 6623 7394 7689 3302 8431 4091 7309 9236 7581 928 1909 9251 6664 1014 9940 736 5794 26 5185 2916 3640 1037 4318
95 4067 6416 502 2482 1407 7979 9646 5031 9787 5462 5345 2205 3519 6935 7120 5545 7929 5942 5156 288 1818 8586 8919 1205 8797 3312 3316 747 2512 9522 8356 3643 487 4769 8503 7752 4803 7638 2693 3385 276 4870 108 563 5537 3260 6635 1983 1139 6250 6231 6699 6482 5134 6970 3618 2263 61 9685 5237 8566 4214 6463 144 7636 9699 9732 6475 4099 6864 4239 6168 9797 7648 7331 5675 4458 6258 5815 6402 7335 2933 6655 2858 5472 3921 5881 1036 4802 6928 4937 7922 8118 1860 3679
93 477 2715 1148 3005 3903 479 5153 6871 3149 8120 9891 9755 5669 3324 8003 3560 6003 2599 5129 3698 9459 7894 2459 2 6155 8625 2876 6493 7458 9930 1862 3987 5127 2228 598 3781 8778 9352 8875 7698 429 8717 3099 1590 874 7384 7060 4327 4650 3044 7982 3694 9304 5247 7969 1410 7244 7864 3919 40 7219 5997 2399 667 5112 9042 3659 5115 1976 5377 2012 7552 9933 3598 7253 69 8052 1275 1772 350 1520 6117 3201 1051 7724 6092 2971 4909 6363 3855 130 3914 3867
89 6509 7449 3476 7191 4217 2940 3322 5553 4535 5632 2169 16 2305 4279 8624 4896 9632 6474 8745 2244 1700 8890 2469 1100 6889 3951 8547 4006 6032 1822 8733 5387 8464 8885 4717 9019 5751 968 2472 2042 2384 7516 3682 6234 5349 7481 2769 9606 3746 8130 8949 3278 9039 4957 6961 5895 9224 1835 5128 961 9286 1614 3932 3350 6756 5516 2140 3264 1675 7351 8438 3172 9785 9592 659 1417 896 3064 5461 8049 9219 2963 2003 9804 9128 5310 6936 4917 1756
90 1809 540 170 7230 8829 2570 1926 8324 2526 4824 4311 8841 2252 460 850 9811 3462 7020 1499 3866 9984 1278 1442 3950 5483 9966 4442 2736 9378 4480 9052 9385 7026 9130 2037 3763 6030 9884 7744 5534 2396 2573 2304 5696 2195 6983 6925 8282 2755 4436 9956 3735 5668 9408 3126 9559 9079 3259 4151 6459 273 2614 2756 7161 5116 4219 8327 817 8872 2640 3306 7699 1863 8083 4 6382 7798 6150 8833 7279 4046 5566 5109 3373 3268 1175 7890 8950 1560 1964
86 5298 9735 422 7707 8906 5855 9806 7084 2293 9073 1745 2350 9636 6620 6407 9669 3518 4966 6748 7323 9175 3582 3410 4415 3396 3811 5171 3612 3953 7976 9416 2506 676 3762 4607 6374 3844 3524 4560 1422 6275 4034 9702 6910 4777 2145 6973 8540 4926 1398 5207 1152 3417 9817 1049 4455 2048 2965 8261 3295 1024 5612 2479 5826 2430 8613 1325 60 4400 5263 1505 6102 9129 1250 8699 291 1197 7650 7151 9382 1124 7442 7742 4050 7985 2860
86 6284 434 1059 9384 4529 7295 432 780 906 9120 7543 1597 8273 9095 9612 3331 4386 2141 6445 9836 8053 1421 1080 2578 2767 3150 3620 3954 1608 9076 4249 7986 4715 9123 779 9621 7579 6790 4622 4710 8234 5333 1053 2186 7575 3907 6410 7367 1558 7109 2135 9190 7867 2239 1600 9454 1776 7116 9967 9273 1429 8530 1554 9397 5968 8193 5910 1737 2253 7232 9751 3707 8936 9899 6563 5400 7416 6351 653 6237 2353 6177 9150 5151 4186 6516
90 5244 3702 5456 663 229 9033 3442 3 2930 1465 3367 2906 5181 1267 8063 9268 3177 462 5999 4910 1890 9754 627 6283 5598 2051 82 5226 2815 5940 7528 3323 5117 1178 1758 8204 3291 8751 2752 8471 2535 9627 9772 3696 8074 3764 8445 4200 6815 9520 5258 404 5520 9515 3139 2395 5585 1210 1220 421 8820 2914 4144 2343 9139 5460 5005 3744 2323 4123 5148 6000 4476 4195 3623 3455 3992 3405 2747 4834 9640 879 2966 7519 5658 9790 2841 6113 2013 8237
81 4976 4716 338 9484 1390 6073 1380 4126 9428 9816 5423 3050 9974 2168 5829 931 4152 3164 7625 1241 1448 3391 5182 3898 1855 6556 6313 2212 5574 952 5308 3845 3557 1644 5680 6922 2085 357 5448 6677 3009 2664 2633 4784 6995 873 5713 9263 2555 4655 8693 7790 8162 6681 6504 7482 1631 9752 837 1260 6278 6869 4629 2352 1123 7603 7769 2147 8615 2201 5082 6718 3380 7147 1907 4573 4009 7383 2746 3671 7845
82 1562 9115 4156 4697 8714 3536 6444 1025 4227 7992 1462 593 678 5086 2049 4391 8584 2144 3680 1985 4084 5251 5020 1016 8439 8277 5724 629 1961 309 7177 6348 1239 1515 8765 6005 571 375 3412 6421 5860 979 294 9907 5066 4248 721 4018 304 7723 1715 9980 2358 2036 3036 5436 7485 9625 684 5896 6876 5868 2768 8910 4933 1795 3266 9761 5416 6211 3716 8884 4250 6912 4165 3283 4005 9937 7249 4175 215 919
82 8701 5945 4628 1575 4408 443 8697 1264 8549 5102 2126 9322 3757 9096 2339 5313 7980 2401 3122 9629 1659 9719 4286 4636 3610 5705 9258 158 1217 3347 6767 785 3275 7144 7667 6520 5726 2236 7180 4718 6844 2137 8766 7436 605 171 4739 4677 8418 4587 6123 4001 3411 8663 1923 5949 238 5654 7773 2701 504 9708 4181 2394 2873 2166 3292 9777 8072 7957 8575 706 1293 1257 3851 7715 4192 8250 4355 2912 6657 7430
85 9462 5783 5797 768 8966 9590 9963 9549 6242 3733 4983 8937 5051 9241 1430 9721 1969 2775 9097 7721 8108 5542 1604 4867 1681 6481 7679 5360 2801 4393 1588 6822 8046 6255 5144 7728 6322 7621 4053 9678 6753 3118 4314 2218 4082 289 1913 2101 3186 2024 4817 6016 9773 9915 3238 8421 397 6966 6794 5307 9027 6868 15 8954 515 7381 5990 5 6485 1283 949 4104 6379 8266 5229 6292 1441 589 8681 1276 408 9489 6125 3755 2519
83 9874 4639 5210 220 2992 3836 9391 7176 6464 3318 4304 738 3332 53 9165 795 73 5883 6554 1787 8651 2279 908 6280 7668 2677 221 7158 4567 791 6766 7865 6746 5318 3049 208 1794 2167 2221 6580 7974 8992 1760 6262 4252 167 555 813 7286 7607 1740 1612 1165 4887 4030 2569 3267 7952 1133 8462 5525 4553 6985 4530 4788 784 9147 1994 8991 62 7259 5714 7203 3881 3722 5867 1236 5610 81 5126 5671 5744 7488
74 6304 610 4309 5224 9831 9302 7185 1076 9856 5058 2053 4627 4495 7572 163 9825 7842 8526 3731 7149 7086 4942 3537 5478 9537 6618 6452 232 7637 2138 6027 7016 1677 740 1042 5901 5522 8726 3242 4694 3346 8711 7408 8293 7022 970 2058 4096 1095 1055 8281 9242 5693 8594 2057 2359 4076 8500 7406 1373 4903 1282 4302 1138 5499 35 6816 5052 3703 6049 1229 4278 5796 8178
81 9329 7870 343 3847 2106 8368 4093 1093 9540 6731 5706 5166 2295 4183 2439 7087 9494 6566 3443 6500 5682 792 147 1639 8257 8381 8957 2429 1674 7327 971 682 489 2018 7719 2468 5368 4858 7361 6727 8417 2920 8634 899 2840 6779 2154 393 2346 704 1131 5348 9504 3667 5201 5912 9909 8865 8176 132 236 1547 2258 1996 1300 6622 6710 5619 8006 1412 8754 4948 2375 4323 1203 473 930 8933 4307 1689 4730
84 4514 5022 3091 1521 9229 6411 8970 6551 7910 8924 5683 3783 2391 8834 6826 2710 5351 703 2622 675 8746 9955 2301 590 3225 3033 4795 9467 6658 6519 8410 1198 2609 2298 6634 8320 3804 8050 8756 1487 4722 9961 606 9121 8375 6221 9356 7375 3479 3949 8727 941 6007 7239 9803 1542 6341 216 7691 6105 5857 4486 2782 7065 1854 4313 4221 6703 4069 8093 456 1414 8569 3917 7061 91 2642 8913 9665 2608 5435 8012 4703 8285
73 7412 3019 8798 7605 5188 8564 7299 7464 33 9407 3300 1592 6676 7800 6616 1243 2096 1750 8958 2868 43 3114 6427 7538 6299 8201 1593 2838 2770 7349 2129 3573 4673 8609 630 9055 8494 164 9223 5167 9238 7201 5863 9989 1004 8791 2918 2673 6267 5079 3205 5228 5637 1238 6990 8968 5125 6643 1804 3272 7526 1344 6859 1009 466 9599 8239 8790 385 319 9546 4975 4298
75 851 5925 3669 6167 3541 8831 5353 6099 5580 3001 5323 9394 4597 690 7891 513 2644 4282 173 1865 9864 3090 956 5670 8111 7028 9565 5916 745 4137 8442 4828 2637 5433 1160 320 308 7598 3741 184 2591 4231 9585 7944 9456 3079 7110 964 3335 7513 1770 572 3297 3348 7878 771 9477 7988 8737 8365 6036 7777 7359 9315 6437 883 6866 6128 402 4015 7467 6244 185 7872 9184
82 4350 7117 2762 5138 679 1222 3644 4969 3326 365 134 5446 7347 9235 5596 3151 6112 6522 3997 1340 4394 3528 1151 6395 9272 7054 2745 2748 5170 8532 9745 541 3854 8679 1245 9406 1342 1322 662 7866 9485 5218 6057 8454 7441 5424 4116 1917 6359 93 8897 8572 4358 3619 7915 760 5157 250 5010 8328 1898 9571 939 3040 1784 3103 2771 4377 4621 6686 1998 7379 1904 9439 5850 6902 2531 3486 4566 5742 4472 7751
76 6752 5587 3281 5759 3858 1440 0 7896 4487 6817 5506 2908 9753 2242 9622 6286 3871 8873 174 6309 2744 3203 9395 8620 9943 9892 5303 6446 3625 9183 975 80 3170 5784 7393 2136 3556 9936 996 1368 3513 6205 8577 2337 2774 209 6295 2450 8718 8488 2238 4387 4089 3587 6994 8920 2334 9898 8022 311 7369 7840 2313 117 4809 7296 6409 2232 674 7227 6369 4395 8673 150 7960 2687
82 5177 3420 4273 6393 3651 9795 4478 2794 2536 6361 4734 9107 7489 4692 9350 3439 4524 9762 2410 7541 2409 6212 5376 5396 499 435 2738 1944 1735 1302 9461 4550 4642 6389 8478 2331 4950 8463 4356 7768 1258 9172 4672 1932 9583 9078 3480 9533 6652 7675 8741 8001 7561 2950 4315 107 8264 9975 9133 4251 3520 2499 9648 9182 800 3830 7880 9939 3558 2433 5457 4048 1174 7338 9880 2674 484 6744 5639 9380 5163 5875
78 6215 8646 7278 3182 5556 3489 6747 2853 4745 2158 8553 8911 2574 2021 1012 6979 3604 6274 1299 6419 6738 5296 1433 4452 9437 3647 1541 7356 3803 4454 2613 3934 7240 9310 6874 3243 380 2266 4134 5223 1888 9495 106 5302 3904 6615 8423 1525 6919 2435 2489 9362 1420 190 7927 8581 1194 3745 2797 3299 6538 2027 5390 1167 8506 3984 1657 901 888 4205 8263 5772 1411 9675 8828 2541 7981 8256
73 9986 9725 1707 2247 3427 6971 141 8249 6978 8076 7392 9393 5512 2679 2322 1149 8292 8649 5315 2728 8349 3192 7592 4465 177 743 927 7748 6764 8377 36 3821 5053 4953 3465 6470 8517 3195 6218 2194 1821 3430 74 6854 1306 4874 8460 5274 4185 2310 5739 8000 5253 794 243 7316 8251 6547 8645 3429 4083 8518 4589 5760 8793 1485 6436 6793 9848 7317 1802 2161 1127
75 8036 6562 4117 8389 9619 8235 4385 926 9324 3037 5084 4724 9186 9415 4758 1882 9059 3905 1730 5105 1354 5439 383 3882 420 5176 5312 1064 5887 9240 6312 1253 8154 5748 3780 2470 8914 2289 2680 8812 9044 1836 4017 9990 5878 4348 22 2064 4880 9457 2983 2142 9084 4190 1777 8848 4145 8005 7163 7111 1725 4044 5911 4545 2917 7660 5862 5406 1767 9491 530 200 3544 4444 9853
72 6186 3100 4025 8441 5401 6944 841 8322 9660 2525 4004 4341 3711 7405 252 6550 6559 793 6473 9781 3341 6162 2403 8641 8541 9954 6750 9338 4630 2477 5159 4575 4938 2562 689 9808 2233 4193 5168 7483 7916 3724 1759 9851 437 3770 2961 1549 720 6163 3185 6328 4799 3018 425 5496 1098 6300 7869 8840 1895 8528 4003 4194 739 7755 3802 5301 980 6236 9149 7931
68 9267 6535 8642 1603 3715 6553 3777 1810 266 685 8876 87 8274 5570 9451 5757 2179 2281 5969 1121 1028 2542 7142 8687 943 7993 9994 7693 3500 2207 7202 194 356 902 8398 9554 4640 1839 3912 2039 2846 9327 1609 4889 8458 9949 261 9289 4079 4521 3654 7046 9425 5861 2937 3156 9314 5369 7680 8469 2601 3158 9006 4325 4562 7468 5278 4247
73 8680 1326 7078 8627 2274 2707 1602 8004 5769 5434 6230 1797 848 8262 670 9798 2303 5146 8874 3887 2832 8638 1897 5510 6331 5090 6160 3130 550 5935 4831 9854 8042 3678 4457 4885 1477 5802 8783 8316 1871 3167 9531 5975 9231 3215 8700 1120 3234 7045 468 1620 2175 5183 2318 1081 7597 4229 4931 2001 4388 4174 5343 9436 7390 4413 5821 5822 4370 7629 409 2843 8993
77 987 4588 8904 5074 9220 204 3304 5838 1679 9658 8182 1193 6572 5235 4263 1310 2415 789 6584 1610 2960 8486 6675 9733 5700 3532 7105 565 9870 5277 6277 2624 3785 5425 1219 9499 111 4055 6296 5502 2788 4289 1370 9308 4900 9339 6740 1555 4264 4577 2892 8974 2132 7038 1007 358 3683 1427 4446 219 1132 8723 3675 4031 4110 925 6567 8728 1032 9885 1304 2989 7671 5293 5704 6523 4306
72 1519 8483 7745 8476 8211 4500 5900 5523 3865 3086 1532 6630 4432 4641 8588 3069 974 5568 431 7580 5843 4864 7703 2538 230 8238 2689 9178 5071 2919 3254 465 3784 8289 2176 2061 6276 4483 6515 9153 7835 9737 4527 5355 3176 290 110 576 2947 5100 9270 6795 1083 1020 597 7024 5976 4736 5763 7765 3340 4785 2071 1883 3388 7374 3320 619 8123 2722 1971 6872
72 1317 1307 9442 3648 4158 7455 8040 8493 8912 9203 3481 5012 7401 8477 734 4396 9126 9883 6084 2511 135 3212 8206 4363 6824 1242 1089 1676 8603 1118 9317 5403 7097 7304 2009 871 5879 6097 400 8025 6344 7661 1792 4559 1248 1693 2183 7651 2552 2955 6015 7330 2280 6329 6708 1039 1301 3487 1259 2595 893 9274 6472 1692 8593 1671 9254 4638 51 9818 2320 7784
73 5028 5045 7664 6860 6847 7709 4542 8150 5407 4792 1980 363 5142 4929 3989 5133 6256 3774 7415 4958 7812 2457 6606 5490 1545 4997 4691 323 6715 7135 8309 4272 6233 472 9889 6268 615 6690 7462 6037 2646 6711 6364 7876 9093 9376 3908 2654 7670 4095 6385 7419 6412 4652 2083 2558 4888 8655 1269 5384 7268 3398 1207 8466 7743 4334 4520 313 9634 7955 9260 8689 3508
66 1082 6666 5687 5121 620 5023 3565 257 5382 4241 1680 5474 5068 8988 5119 3813 1872 3545 7450 4647 8944 4679 7291 5070 1218 2286 7062 8122 5856 4726 525 8877 2243 5659 2835 8013 3850 3229 1096 3166 5749 5189 3835 5508 4292 3144 6188 1423 5055 4579 9548 1852 2799 1849 790 6697 7190 8325 8794 3105 9562 5397 1074 4163 2802 8511
67 373 3313 1431 4262 9973 5059 2230 1290 413 7610 1360 9363 8652 5429 5222 9420 5366 3637 833 7614 6800 9056 4062 5322 3078 2055 392 594 1011 9919 3262 5547 2909 332 5297 7815 9690 5530 7847 1668 5514 4856 9921 6185 3362 1694 5238 4489 4040 2509 4204 3742 5314 1683 5035 391 3336 8330 5603 4822 7484 8055 7942 168 2068 1189 3794
71 1749 7875 6531 7409 5781 21 6069 9375 5601 8358 9835 59 8602 4124 878 3608 8258 4898 8668 4684 5793 7761 7472 5904 8894 8917 1837 9067 8224 2097 6989 2513 8628 3330 8760 5597 1256 1516 1233 9771 2078 7503 7336 8215 4833 8131 8391 7257 6357 718 6138 4140 8617 4201 991 1104 3364 1226 7816 886 360 8318 1986 2735 8499 9842 7305 2931 203 9720 3791
68 6263 7473 6609 1643 5578 3228 995 5906 7536 4665 2028 7037 7407 7727 2373 1349 7209 7522 7950 7243 2725 4431 1688 2629 4857 2030 5311 1419 9976 6225 7091 8147 3379 5509 3925 3743 3110 6210 9035 7036 569 9970 1435 2867 6856 532 70 4460 5413 3280 7131 1092 1526 9760 83 9917 6820 9500 2547 4497 5592 8213 5350 8260 9526 4178 9368 6171
66 8067 5192 8677 3797 715 6033 6705 5175 2763 9910 753 5951 2522 161 3546 2590 3863 9281 2260 4941 2011 9173 4130 1899 7925 546 4504 8573 452 8089 4064 4782 1861 9090 4728 6914 7328 1622 9815 2924 4945 3986 1309 8153 7071 8862 972 1647 1708 3892 8369 1158 2100 4921 3402 5983 5412 7284 5036 3277 3484 648 3494 8253 4544 8889
64 4243 2062 9593 1228 9482 5440 7032 5533 6918 7767 6893 8245 7352 9839 4844 5647 5584 2943 9545 2891 4293 9529 9110 881 6574 3506 2928 9087 9012 4818 4153 8878 4990 868 3603 4435 8214 6318 4533 3825 3286 7753 4657 1493 5501 38 9812 4281 4443 1564 3035 9575 1166 4032 7275 7802 7039 7776 4732 6287 6586 4374 9689 1000
61 5304 5329 7906 5964 5420 521 7082 3431 7466 2760 7122 4047 8623 5096 1168 560 8008 4774 84 2426 5064 4019 3194 9979 3315 8047 1548 9412 4519 9857 7000 199 8808 1724 6707 3191 7195 5279 7345 2651 9127 1215 9793 1329 3055 3548 4687 4223 8284 7672 2052 6672 3670 7863 4401 8943 3606 1889 6191 7400 6862
62 5327 4168 7706 3298 6651 1002 2474 2050 9089 9654 7387 1395 4127 9983 8859 2986 7108 4383 4564 7935 7811 1557 3058 9029 6648 4440 1045 6252 8296 7771 7939 9908 3146 7334 3392 54 6183 7423 9247 1723 5309 4988 353 1825 2808 7824 6927 1754 1867 4882 822 4101 9502 384 8505 6590 4021 8562 3273 1799 3553 9862
56 6224 1182 6354 7355 7531 2040 4028 5480 5963 9704 2122 9993 9952 3407 9780 3507 8191 8159 7213 1908 4720 4591 2178 1023 6997 9332 1206 1709 7068 3515 1460 7267 2120 2325 301 8222 7009 8815 5124 8857 872 4290 7928 7525 1402 1630 5550 1444 6460 997 686 9728 2153 9664 300 1292
58 9964 2647 8294 7282 2502 2255 5404 6999 642 1589 6582 7188 8347 644 3817 7873 7645 6954 636 2948 9703 7766 5699 7983 933 8832 6976 8413 545 8907 2826 9821 3631 4375 2116 8967 2412 2643 2935 4515 6238 6773 6552 5083 5998 8976 2857 39 3434 4914 8813 1069 7377 6145 9871 359 6454 3490
62 8755 5701 76 2656 4582 3563 7076 5291 5169 8189 584 4869 6674 7059 8437 8350 6814 2946 1880 67 2913 5818 9677 1915 2887 1389 258 9092 1988 8734 4316 8552 5292 3982 798 2188 2610 3955 4136 2897 9051 2370 310 5694 4344 1163 5770 741 6449 5000 8931 7432 8335 1585 8144 6813 4266 1524 7958 2548 2020 6693
59 5811 4565 3846 911 9497 9057 6434 5442 4873 5488 3453 5249 5106 778 7554 4284 8892 5405 9809 8769 1172 2184 2382 6585 2397 4689 4212 6849 9855 3290 223 2355 5289 6456 1747 2539 7785 8824 5791 123 140 3454 1742 3020 3721 4456 5347 9072 1960 2044 2124 8801 1214 4952 292 7830 4002 8821 3131
62 6310 5803 5018 9750 4823 2825 9116 1003 2780 1618 5661 1919 8106 8145 2148 3310 564 4892 7596 6098 5395 4696 8844 8616 4100 8861 527 8455 5768 8507 9218 8558 8611 2705 2699 8899 3975 1319 7838 334 3174 1320 5137 4906 529 2389 1920 2923 2076 7560 8659 5352 9372 8448 5834 3416 9249 3127 1436 9007 1935 5766
55 1034 5281 9187 5441 6378 1405 9466 6948 322 1371 4428 8721 7370 6085 7429 2495 8604 2276 3834 2262 5290 5689 907 7941 9179 7007 5282 8536 7877 1698 3314 6510 6763 3134 8939 9651 6213 3839 4667 8691 4147 1695 4658 3147 7443 8855 9628 2685 6882 7056 5852 3356 3435 8337 2720
57 2520 5828 9906 8665 3121 4379 4547 116 5890 1933 5830 865 4835 9228 4376 3124 8591 1303 6581 8605 4612 9216 1934 7990 9222 7404 6178 115 4430 4295 228 2408 2066 92 1085 1244 6367 9300 5905 8956 4179 403 2998 5497 8035 2878 2416 7949 3635 7237 8231 6025 5611 5428 6018 9309 1044
57 567 5913 7459 2852 6115 2316 5332 7340 3456 3284 1128 9739 2080 6206 2900 5411 3798 9370 4992 3795 9655 609 7072 3686 2606 8666 510 2842 1126 8538 2877 239 9833 781 1948 8752 3488 6368 5200 916 4825 71 237 9618 3360 5847 5869 4092 5162 7989 3241 1489 331 5417 8435 5974 4402
54 5198 832 9311 3819 5024 1459 5259 5118 394 8661 55 9303 1650 5438 2465 1144 1490 8989 2121 709 1796 5894 5579 2314 4132 1176 4410 1262 7312 2859 3095 2818 2033 7846 7589 6646 8722 6993 3849 4599 4985 4930 2092 6728 6612 6352 2390 6719 9250 5108 2019 5063 9158 8352
53 2017 8512 6082 9278 4215 7157 1280 3879 8248 6386 7247 5691 2577 2833 858 387 109 5080 8938 855 1097 954 1962 8482 9490 7300 5451 9280 924 9365 3246 428 7701 799 9068 6780 3685 600 249 3622 3705 1972 8115 259 1321 3303 5219 9434 8826 986 3926 2977 5874
53 9233 6429 225 6010 7308 3136 5854 8686 8332 3923 683 3415 3629 3011 3094 9043 3368 3584 9458 4425 9287 6809 2686 1701 345 133 1544 7620 8345 2463 8278 3543 2790 6024 9769 4081 2004 6187 8775 1102 8426 6388 6811 1952 3695 9081 1147 3771 8390 5817 710 6601 7150
57 6951 2589 7388 7549 6486 6701 5600 6665 7001 4919 189 6143 8639 4749 4511 2354 412 1261 7740 6192 1056 2724 4382 2014 6941 3812 3449 4583 9135 1870 8371 4423 7860 8020 7712 4601 1091 3730 7118 1483 6735 6137 9414 430 3981 5367 5306 3464 4546 9464 5848 3893 6829 8185 7532 909 8509
59 9792 8446 3778 6114 6721 6174 2811 1929 2235 5782 3321 6908 4180 3251 6298 6684 2743 6878 4294 5840 6063 7321 2404 6182 8094 7884 8384 2675 3010 1744 7612 3390 6129 9160 7792 603 7288 7242 198 7682 9694 3502 777 9501 1467 5664 3807 3317 6176 4986 8963 1642 6508 4603 4343 7809 4074 6471 9279
52 9389 5073 5993 9844 3065 4090 2984 7025 339 9845 3199 7509 8038 3974 406 8334 1621 4713 6915 3759 6272 1761 6337 8066 7104 4218 8925 1406 7663 2682 3269 5427 805 8015 1847 3393 2657 2944 143 877 1352 1418 6406 5761 9736 6060 1879 9455 9118 9010 7005 3585
47 1046 1223 9185 2576 5909 680 6484 1829 8142 782 9824 673 2632 2500 1188 9261 7043 2973 2645 4045 6945 5450 2413 8007 4161 7623 861 4602 4098 6253 1314 2967 8842 9448 1661 8814 3806 7973 5808 863 3382 729 9 9411 6291 6457 8255
57 1721 8886 7290 4578 2903 58 7077 6749 2082 3377 5330 4160 1936 2165 918 2056 7962 6044 2534 125 9672 9367 7588 3568 4925 5015 8864 2551 4748 2761 5093 6996 4288 3700 7696 1294 3003 5839 5122 4743 2730 3132 7346 3034 4617 5265 376 5833 6345 4011 7258 7112 5048 2817 6892 2428 989
54 7739 231 5962 8137 1029 9008 1873 6716 6399 6544 4420 4813 922 628 3828 1103 5132 8436 9207 1498 7919 1553 5820 7298 6026 6757 9217 580 5994 4862 5720 2171 2759 178 1774 9381 8149 1885 9334 7344 4417 4829 1308 6836 8883 4371 213 2893 1482 4918 3061 3944 8915 643
51 7948 5135 8807 831 5379 1914 1892 1170 8650 157 6006 5027 5504 2560 522 9002 1401 9800 8279 6208 1146 9763 2683 5152 1135 539 2617 3220 32 1507 5075 4943 4448 568 1853 382 1249 1968 1452 3646 8675 1494 9959 2204 7702 4723 9902 3028 1838 1458 3054
55 5606 844 8109 1963 1905 3446 8140 6375 3441 3609 7130 6591 2800 3942 2615 7114 4199 838 664 3894 8601 7276 1771 9256 337 6772 7557 2666 5581 947 8901 2114 866 1145 5230 8378 6873 3175 5800 3941 6228 8338 7146 4598 9923 2546 5220 4779 1856 557 914 4633 3801 305 9060
49 8489 3889 8341 4226 7586 7363 8761 965 7099 7058 5716 9552 512 3983 8254 2704 639 1094 6418 9996 4551 6741 7035 2342 8329 1667 9299 6414 1358 2424 8630 3063 7953 5072 9091 2845 3026 4128 5006 4368 9024 4851 9177 6483 210 6670 4157 2220 2939
41 4776 7692 1142 6338 5972 5767 1662 1461 57 8148 9796 1530 1719 2981 3477 8348 8762 895 559 3723 5426 2010 7491 3461 3747 7012 6398 8560 533 585 6502 8796 1552 7431 2671 9935 5947 2882 1706 475 153
47 8124 6156 6433 5067 8135 4276 3096 2739 1504 8871 1171 2540 4761 2970 3514 7882 8621 5191 7493 1726 3786 7859 4637 6426 7233 3271 7844 3108 6450 7725 1392 5732 7167 1137 5346 7831 4120 2369 2464 751 1451 3152 1353 7088 6696 2348 2549
47 2837 4855 1063 9359 2032 48 5804 5718 5202 4351 1413 2982 5752 1409 4471 7265 245 1517 1636 4317 9390 8787 9326 5104 6692 8475 4669 1453 5477 5786 3401 920 693 5727 6706 3963 7199 9707 6175 7656 1830 7310 278 4365 4213 2869 9547
54 99 9931 9609 4167 3753 6895 4277 4312 6072 9355 9716 9453 8490 6742 7893 8422 2151 604 7587 30 8550 3180 270 4332 5114 9712 8882 3463 6846 6100 5842 7075 9344 6624 7238 1052 917 264 9290 3692 5540 6147 9729 1068 700 2006 3920 1070 3888 2077 3684 3495 234 4177
45 6448 623 1894 7102 2237 9877 6904 7171 984 998 7044 3896 9588 5214 6321 9595 6743 7924 5577 9252 713 4148 3211 5373 9421 669 5443 5270 2300 7018 2251 9673 8942 4414 3525 3389 8362 6365 8780 7853 1866 2225 8597 169 9666
43 7033 7271 8578 1664 2372 6439 361 3437 6462 9430 6540 8223 1416 7053 5943 8355 6837 5356 8926 7184 95 5299 2185 6048 5095 66 5956 3853 3674 9232 7615 2741 1054 1535 4230 5971 6220 2060 1457 4421 3344 7069 8095
50 2324 5519 9681 2015 9876 7757 4139 4258 318 982 4477 367 2508 5775 9668 1783 4373 2125 8908 4488 6362 2872 8990 9424 7681 3137 4902 6998 1439 2287 7556 5695 2527 6380 4280 6611 9196 9616 1598 5652 7013 9325 4883 8732 6166 4424 96 4072 5646 6134
51 369 7126 214 7172 7763 815 6629 8713 1382 3657 6545 4146 9283 6453 9122 1114 2326 7307 6438 8688 2949 8031 5268 6451 4112 2283 6282 4335 5565 6075 5409 8610 274 3672 254 2193 611 958 4839 4676 5978 1713 4340 1819 6968 6841 7124 758 7779 3677 938
47 2581 4080 3897 9570 2278 8283 3067 3470 3370 3458 5746 1496 802 4109 3250 6698 9312 3616 7515 5378 8129 2475 3287 1122 981 492 5737 1488 5758 9823 1221 5546 8168 6226 733 86 9617 3978 8190 5505 8373 4845 6786 6539 5827 4113 8759
44 9598 7385 8175 8295 4207 6644 5662 7200 9050 2757 3102 2187 5622 9757 8051 7196 9292 7909 7558 6432 3400 9197 8860 4819 4434 5730 4756 6350 4815 9564 4934 7795 2888 7378 1832 3301 6930 2256 2034 6594 4328 5982 5731 2979
45 8982 6530 7212 9810 2315 7564 3599 5479 3961 9400 9483 3662 9794 3605 2387 4549 6119 1887 2631 3343 6607 6565 7888 3213 4727 1876 7758 9830 2206 3886 131 6653 5026 9852 1567 1571 1536 1456 1736 3129 6851 449 4614 9214 4814
48 5924 3939 388 5648 6111 7778 9098 8288 1927 6323 6521 3073 2951 1383 2219 4378 6223 7499 1606 2753 4737 5594 2658 1840 2714 8529 6726 4955 2466 5076 9507 1173 9047 5485 4027 1391 8498 5790 418 4700 1469 903 635 6991 14 3641 2889 2821
47 7700 8221 8200 2108 4538 1057 494 3512 2226 2462 379 9630 112 6170 9264 9011 1272 8276 4240 3409 8975 9119 1616 4129 7673 7159 633 4750 6492 2130 8242 1511 407 5643 8999 6106 8764 2708 8599 3499 999 3418 9323 9409 6924 1977 4970
40 3639 183 4125 2224 775 5627 3927 7750 7836 1886 8087 8370 2593 5531 3650 8996 9276 3576 2798 6078 4838 1828 6977 4693 5642 514 3047 4232 4656 8497 7898 1047 1050 8534 6146 9040 4033 7546 2432 6384
47 9734 9297 3799 9387 6376 9560 5394 3567 193 6714 4051 7626 8867 3574 8401 8139 8972 3837 9066 5187 6802 4623 2695 7155 7622 7630 6861 2312 6204 9209 5590 7514 4149 1613 6306 4492 1918 8614 2043 6180 2364 1673 3814 7737 8960 5539 5037
37 2245 2740 7081 2216 3740 2341 101 4525 7221 3535 4496 2692 2484 9169 7206 4843 4800 9513 8667 6518 2110 9893 7912 5880 4106 8707 4438 5447 8028 5484 6807 3869 5040 6396 9140 2111 5958
38 3971 7803 1169 8210 5199 2419 2697 6621 8226 9295 5487 2485 2445 618 5239 5541 7834 2727 6953 6403 830 4740 7437 2290 335 4610 6884 5295 6758 56 6334 5013 9659 3895 9427 5248 9469 2653
38 9674 9999 955 386 6302 2292 1225 8773 645 2564 6768 2231 4470 9683 4522 6079 4570 1088 7676 6353 7236 9021 5081 8029 2972 1117 222 52 263 2568 3043 3928 9525 5242 6104 3204 297 1161
39 8217 904 5056 3013 9419 2945 64 1848 5741 4059 1376 6617 6009 7218 6940 3890 8519 1537 7733 7500 3820 4509 4555 3319 9077 9103 3571 505 381 7994 8758 6850 1403 5806 5174 649 2309 8319 7932
46 3004 1858 8843 7889 803 3805 4406 8837 7248 211 4164 4893 1495 1013 2425 2327 299 9596 4482 4244 8310 7591 7438 5755 4946 2200 2407 8133 5567 3376 461 4043 8720 1632 7829 5287 6905 6628 8158 2411 6512 3359 3113 9471 6963 7999
38 4780 8196 4310 3552 4557 1654 5205 7365 8336 7129 1763 1 3068 255 5001 8461 8333 1906 414 1346 8757 6466 3891 1341 4094 716 471 3109 8414 887 6962 5688 9587 7881 2663 1195 1156 1351
43 4054 650 583 9553 6877 5573 5614 5493 5884 6315 4645 2181 9717 324 3085 9046 5154 3231 8702 6400 5825 4321 8847 4118 7353 302 5810 2447 4103 834 5252 2379 9776 3960 303 5899 6050 4704 7273 1789 985 613 3293
37 2047 4493 7217 9262 3193 1611 6494 884 4738 756 8155 1781 8034 3884 2975 7813 5331 8425 226 354 9624 6649 7292 4648 9551 1645 5399 4596 5422 3253 3602 588 9426 6946 6724 595 5628
41 1073 5631 8321 7585 1224 9981 5003 5419 5957 6326 6124 7808 4836 3596 1240 2299 3184 2070 6725 762 5098 5464 1973 507 4191 2792 7181 6965 8480 2087 9405 325 5989 7823 180 8587 6288 398 9671 1950 2910
34 5651 3046 2806 7210 4541 4010 1033 9647 6760 3325 8116 17 1780 8313 8900 9653 4085 5236 2492 8023 9070 4847 2113 440 1640 6387 7231 1581 7570 5389 5692 6249 5393 4453
36 5816 9998 5640 6712 2660 4035 4865 8804 3327 1584 3125 2174 2899 3790 5272 1231 247 6343 4070 4534 2229 538 1336 4654 9487 4752 6689 2333 1502 6045 7189 9567 3594 9534 241 3432
48 4706 8041 1578 8119 2488 9709 3824 8396 2321 1732 912 4609 812 755 5672 2227 6110 6039 2173 4162 744 444 8082 2307 8866 7410 5385 2690 3419 1450 536 2133 2270 7143 5357 2929 4404 478 9174 1941 5773 1623 481 4299 7848 7975 2839 3408
35 5131 8269 1910 6487 8420 3885 7425 5498 4305 5554 3088 9465 5340 2521 6938 2886 8684 6526 5212 9528 285 1213 5150 6739 2128 8171 842 4143 5186 1931 7103 5495 1845 9156 4812
36 3056 5123 3276 5617 1741 905 9509 840 2319 7578 2029 7040 4261 5038 1338 8571 801 5415 1216 6476 2026 7079 1652 248 3329 2684 8921 8186 3728 5246 6417 7879 8626 4868 8491 7476
36 1720 2700 1523 1710 6336 2118 6678 8429 3754 4202 9706 9928 7628 7428 2702 7064 3378 8495 6939 6759 6443 7635 3371 5841 3473 8643 7563 1366 6120 2246 7141 355 8827 9162 5060 100
35 3615 4860 4572 1702 7023 9266 923 1625 2453 6083 4389 4787 2754 8259 1265 3261 3880 6058 6853 9929 8291 9626 4056 3162 8367 4475 7510 7285 1743 2988 6695 307 5043 5655 6792
39 7003 2625 490 7027 5980 1656 8233 3222 5733 3737 8156 2420 500 1565 9480 7943 9726 7133 9345 4924 8271 8304 4498 524 7225 8563 646 3007 8107 1246 599 8537 1190 7433 9867 1903 9017 759 7961
35 1624 3852 7684 8984 3822 1684 8016 1471 6958 370 3244 9922 9779 2723 1955 7208 4911 2022 6195 3621 4842 7350 8199 1286 4742 6964 3031 5986 5463 705 326 6967 3433 2271 2164
35 244 424 3718 5799 7832 6527 2402 7447 2131 7314 7357 4187 8444 3539 6827 9730 9758 4451 8113 6863 7732 7093 1291 9676 8300 9144 8054 1058 7127 7495 4763 4653 3248 1806 5931
33 9896 8973 1480 9611 9530 7333 4133 8671 3776 1591 4372 9920 7964 7168 6054 608 5708 6775 2344 5750 9641 7262 9701 2726 2941 2592 4604 3773 2112 9749 4595 3263 6232
42 772 2045 8608 5468 268 2602 4023 7632 9085 4357 4399 8379 4086 5927 8056 6734 483 8198 4861 9597 8230 3638 9518 8331 8839 4719 7762 2259 2473 2272 2460 7479 9875 8997 6307 6900 6127 3945 9316 3569 9511 6505
32 4359 7783 1563 72 1823 2662 2362 5572 8868 4618 2997 5636 6789 3549 631 8459 3142 1619 976 7373 6839 6528 4826 8947 7963 5977 535 9016 8674 1006 9473 8419
37 4016 2639 508 3414 2596 6957 6736 7283 3255 4894 2598 9083 7624 992 7573 3714 8303 4837 6087 4879 4499 9985 7083 591 3973 1426 3089 4786 8800 9239 8138 1252 875 5778 3245 9783 9901
34 2974 4853 9911 2208 3252 9337 5139 6394 1803 5458 5103 5078 6199 5431 4439 9195 6788 5853 6777 7041 5605 9846 1748 9693 1087 847 1582 9429 761 3372 4991 1201 2665 6875
34 6469 6691 2650 7710 8496 463 6685 4405 8817 5061 4686 3690 5444 6604 2192 438 5034 7582 4670 6020 1043 3466 6682 5616 9294 4886 5920 6589 1733 6314 807 9946 9401 4987
37 6555 774 1084 8208 1379 8161 148 7070 3976 6140 1850 2580 8869 19 1884 549 179 3666 3337 1400 1101 6035 4441 3916 9005 1970 967 8403 2490 3732 9944 9897 1075 4301 5179 3751 9801
33 9237 4649 7634 5335 7956 3550 3394 8703 763 246 6571 3485 3788 97 6193 7398 342 829 1164 347 3445 6247 7095 2898 9516 4513 9512 9807 1116 7826 9614 2827 5602
32 4846 6270 8525 9432 9532 6949 6043 6064 7550 8 5047 9644 8098 4770 1729 5923 4806 7241 8795 7325 5099 742 348 1940 657 5697 3566 46 7366 4159 279 9566
31 4899 9521 1649 2449 3428 7098 272 1901 8692 1757 3967 9171 1180 5288 5194 454 8822 5087 2696 4778 9230 4429 7959 5362 672 8457 7067 3077 6132 3600 9711
33 1230 9396 7403 5267 9199 864 2871 495 4972 6381 8767 260 5641 5630 9965 5111 3475 9088 3761 3012 4464 4711 7646 8312 3000 853 6285 776 5164 1844 176 1273 2515
31 8825 9009 7506 913 1296 8856 8662 6549 3029 1394 8705 6558 2127 1335 7640 5891 3282 8086 6333 9269 4663 3217 7825 9125 165 5754 4863 1510 4330 6987 6896
34 7780 3900 6894 3789 3052 6525 3915 5338 9746 1992 7051 7507 2023 2458 2742 3792 104 6346 3999 4725 8524 5625 8656 5469 6870 6023 6529 4781 122 2676 9386 4928 8380 3738
34 8580 9000 7372 6004 8397 5676 4606 7685 3395 4142 4269 3342 2750 9226 935 488 7797 5563 9142 1561 4876 7160 9028 8473 3357 8452 5094 9137 6383 4333 6219 7821 4668 3140
32 9026 5929 6984 4554 7504 5271 4285 4731 3965 5421 4491 2688 8048 8930 3397 4854 3964 9656 7940 5871 3365 7716 6937 4982 3017 4206 5494 6803 2861 4233 3296 562
33 3178 2641 3097 1356 3768 658 1334 2172 8340 4208 7211 9105 6373 2277 7547 1065 5979 154 9271 7874 5893 944 7627 6349 28 6568 7170 1026 6468 8704 5745 748 7226
32 9578 4508 2787 3969 7571 2733 4211 7446 1284 5858 3935 1159 9234 6131 8735 3736 8212 8021 2543 3809 7255 5807 7971 1332 5866 2361 2831 8612 4225 827 9102 7535
35 4253 5283 5620 2081 6934 6095 1476 2073 8301 7786 2366 4939 3749 1569 1090 6372 7599 2958 8600 6019 7749 3597 9341 1696 201 5165 8570 1984 401 1234 2816 1343 5623 6034 9663
37 1357 5626 7814 6165 6608 945 3843 3093 6458 2932 1008 4203 6700 4007 2880 1157 6514 1945 8064 4245 3787 6605 9319 6297 6107 9926 3564 1463 3189 7819 7 1775 151 1722 1384 9357 4154
32 2035 6067 7669 2628 3793 329 7945 8664 4216 1432 1324 5321 7548 9519 9843 2605 4198 1755 2222 9639 867 6118 6401 3617 9834 6641 5203 7057 3933 5788 8181 3966
31 8809 4626 4932 668 1987 433 1078 4220 1605 6880 8091 8405 579 136 4709 6071 4234 1077 959 2180 727 5722 707 6645 6070 8785 6831 5414 7497 6031 8361
26 3115 6913 6923 4675 1478 6122 1438 1513 2455 9541 797 921 7565 7434 2486 129 9265 155 1200 7420 1251 8059 3924 725 8069 6834
25 4022 458 890 8729 5743 6259 1355 1949 6081 4920 9493 2773 410 1528 9938 364 8030 8806 7254 7269 4536 6126 7444 7198 3658
28 2347 4102 7085 1814 7193 4308 1475 5762 7686 162 7137 4029 4528 5892 6662 7920 5656 1388 9775 6144 1902 2461 728 6243 9298 9275 9114 1703
27 3032 5607 4073 1534 2002 3509 6194 3270 5933 118 3624 7904 9638 3230 6886 5363 3874 3497 9333 5684 4041 7302 9132 786 9373 767 5004
30 9684 6196 2196 5264 7034 8863 7274 1922 9048 8173 9574 7303 6047 4445 8354 4013 7530 7391 3413 5089 9206 2240 5364 3338 5961 7266 6536 9245 7913 5888
32 9715 3206 5143 8467 9062 4558 5544 1979 139 5663 7454 6642 346 8676 2159 8280 7736 8071 6805 7113 5902 4744 988 3862 1617 3223 469 8430 3523 4772 2764 8881
26 8101 9840 6108 8557 7293 315 7182 1072 7311 9313 8357 765 8923 6825 7092 5145 7451 4859 6391 2621 2102 3750 269 2471 7954 1041
27 3980 4816 4563 5576 9479 2356 1663 7017 5995 7862 6109 8209 7140 9086 3561 7469 1514 1381 160 8748 5328 8382 9744 7657 5141 9402 757
27 3358 1843 242 9682 5172 7827 1699 3307 1107 6116 4849 6855 8136 6158 3538 8521 622 8275 8508 6477 8229 8719 4755 1859 7250 3689 3725
27 3864 885 2210 1274 6290 5339 317 3200 3593 9331 7145 1362 3053 5814 2438 1208 8359 723 142 1019 423 5250 4024 1455 9649 9210 3726
22 8342 5715 366 8102 3294 3691 1155 770 3526 3087 206 542 6903 146 5449 2575 4968 9722 8738 1982 4537 4283
24 7263 6852 5753 6733 29 5735 1162 8163 4173 3739 2317 8998 9369 3990 2377 4075 2934 7818 284 6066 2190 3861 6370 8474
29 9399 6592 7594 2579 9472 5710 3673 3591 9146 9305 137 708 2476 9379 8531 9013 4971 3221 4810 6342 1202 8428 1953 1687 1153 1501 8635 9468 7204
22 5025 8408 6080 3626 4620 293 4427 6467 9610 8344 7665 8411 9550 8079 9259 6089 9449 9603 6840 4242 9225 7452
27 8065 3070 5992 3309 5452 1658 4484 5824 9605 8951 506 5437 2875 8157 1232 7562 4729 3823 2089 7169 1827 1018 5872 5518 5922 9859 6679
24 2363 6101 8888 9972 2421 520 4462 1529 3613 8014 897 3676 9306 1570 8287 1782 9176 9318 3572 4000 6254 217 1646 6636
24 8126 4569 267 7567 2669 2074 4324 3133 8449 9486 7892 1110 8202 3469 6723 3002 6455 6801 2619 2503 8010 7339 6517 4342
22 7905 1989 9691 114 5358 6420 4651 8075 3521 3165 7687 8456 6848 1481 9879 5221 9849 7895 7389 712 2588 8252
27 9652 7301 298 7224 5243 7659 9205 2443 1129 6316 7933 9496 1966 2199 4912 1331 5319 296 7445 5011 7465 5932 5088 543 7902 1372 1586
24 1628 5792 4209 4463 963 9631 8485 6694 6926 8962 2529 3022 4403 3627 6548 8427 9374 8326 9377 9536 3023 8905 1506 2655
23 6771 8451 4210 9608 8127 4121 9108 2162 3977 9680 6281 1912 5649 5190 4449 4848 9789 6489 8853 9036 5785 2117 7600
19 4613 4176 7658 7055 9602 8922 9503 614 9193 3655 3699 8789 9061 3712 6774 1497 5217 2856 4426
24 3578 6355 9569 8388 2566 9514 5316 11 6986 6465 8104 9364 9945 5019 7501 6501 6917 4624 9623 9539 699 4036 2160 9167
23 8763 3577 2284 898 5085 50 4485 9657 3994 4409 7987 4296 2374 1328 9063 2784 1183 783 2987 821 351 3947 8633
23 2905 1086 9101 9433 5140 5765 880 2865 4362 876 6858 5558 7252 7139 7967 8852 6579 8632 5305 7498 3498 3154 8716
22 316 5180 1447 7197 2545 1031 7073 2824 4265 8772 4267 9950 5155 1318 2729 5184 5776 1500 7461 3483 372 6241
22 8169 1297 2553 459 6702 7490 5381 6583 2336 5873 6560 8739 5709 8622 5981 186 8160 9948 5300 1311 9198 7512
18 2437 3257 8965 4155 2597 942 9004 3374 9508 1669 7619 6661 4012 5234 8838 7480 6899 2612
19 3542 6909 8929 349 9819 5341 6541 2392 607 3224 8188 7799 1443 5225 8706 5589 6239 9450 8308
20 9813 7101 2025 1857 1731 6139 312 3447 6602 4336 932 2483 8323 2079 823 1005 9301 9661 3688 6273
22 6981 8647 9348 695 8179 4319 195 1900 828 9905 3586 8742 1974 7897 5039 8243 7977 2978 5719 8836 10 752
20 5575 8302 7998 5624 18 9335 8902 9977 5286 6799 8985 735 1811 9903 1527 2340 7666 8045 3995 7486
16 6751 5657 6209 661 8556 2109 4979 6593 5445 1841 2796 5380 1112 1633 8690 2883
21 8433 7857 5120 826 4468 7360 7754 6911 4505 3910 3996 808 632 3838 9201 7220 8088 7019 8393 9637 4326
21 1718 4790 4999 2302 9181 2732 7376 8940 7048 2694 3066 7440 1061 8818 2434 732 4783 3478 7714 2282 3163
19 8510 8576 1017 1583 4270 1277 8648 1546 8811 7287 4038 5571 7520 7128 2884 6619 6289 441 6478
20 5728 464 9620 6659 5599 2454 3713 7354 3424 3135 3084 113 6103 1869 2072 1997 3426 4908 4907 2285
17 6053 25 8192 4039 8084 1686 5016 7734 4733 5686 1874 3438 6 4150 5091 1878 6782
22 2953 9572 6631 7228 4850 3352 2177 809 5665 2294 6887 9881 9686 2991 6569 3081 1108 2383 3559 857 9022 6317
17 1479 3706 3841 4108 2896 5232 374 2751 7306 6335 4741 948 6040 5521 5101 7523 1978
20 9523 9221 5017 2778 1374 4993 8802 983 4681 7583 2360 7972 7074 2250 7052 2405 1877 5359 4510 6293
18 9342 149 5158 2376 88 1375 814 6769 7717 1337 4705 4255 7602 9978 8685 5408 3948 1930
17 4721 9291 6141 6260 37 5337 5342 2197 2427 8112 1685 7595 8770 5629 7601 1716 4222
17 6248 1538 6076 2115 8363 8788 8542 6499 2491 3752 5660 5009 754 2065 2964 7524 7342
22 1454 4593 2063 9953 3848 3998 442 1995 5515 7505 5702 6797 5560 1790 3112 3045 5819 4366 3219 9074 2638 8606
17 4959 197 6077 714 9886 9124 1714 8955 5996 6086 5677 7868 3351 640 6907 692 7618
19 8174 8747 6431 3510 4369 8555 8527 5538 818 8203 894 3141 6022 8823 8777 2926 3729 3687 1580
18 9766 9069 485 2328 9557 5946 2812 4608 8032 3098 7683 9065 2046 4320 9170 5764 8535 3800
16 4287 1951 9020 1347 4884 6339 9924 6838 9032 4008 455 4927 3493 5294 6534 5615
18 4105 4631 4450 9524 8672 8520 7644 7453 9034 1786 1254 3111 889 737 4042 7551 9082 9667
17 4416 6324 9878 3727 1470 978 3369 9277 3842 3450 6713 4584 4664 3459 7289 856 7457
16 3237 3527 4746 1237 8779 9253 5582 4490 7647 5812 1594 4531 1957 3208 8515 1834
19 2667 4905 2261 7713 2962 399 787 2927 4360 6011 9865 8306 218 2990 1728 5402 1209 2559 8058
18 6688 9025 3946 4407 1378 6251 2618 2721 7125 2393 1576 6832 1281 2398 121 7094 4061 2104
15 105 1682 8522 6761 4961 2269 8043 6943 7119 1815 4020 6325 2885 3614 9582
16 4297 4367 3239 235 1287 7517 4646 8554 2095 2626 859 3214 1812 651 3661 3943
18 8567 3157 6201 2257 1449 3588 44 9713 7332 8810 2214 892 7477 1279 8533 2976 4571 1518
15 5173 634 344 7154 3930 6408 8749 262 4337 1181 2248 8197 4798 6577 8219
17 7711 8343 6222 4459 9759 9633 3015 9962 5864 2533 6366 6916 181 2264 1626 7616 3909
15 7281 8736 5391 5386 9576 9353 6717 4877 566 1800 5527 6745 8994 5985 4196
14 2498 6833 4381 2422 4666 2862 4411 7604 7923 517 7121 8845 4984 3649
15 2211 8803 2691 4138 6828 8241 4936 652 9112 6784 7730 7705 1305 3859 8247
15 8708 6356 5795 3938 20 2478 5936 79 7521 1947 717 2844 8146 77 6709
12 7508 5261 7788 251 4688 4615 5275 8637 2938 7770 8695 5813
18 1981 9208 8110 7807 7411 8002 4271 6920 2203 9805 9285 3196 6818 486 5459 1474 2718 5882
11 730 2731 1958 3014 7544 3988 8018 547 6415 6490 2311
13 5536 1396 7463 7542 7396 7746 7970 3547 3940 2866 3936 9788 8117
14 6002 7192 1762 8935 5725 8100 5110 2505 5196 581 1333 8846 1509 4228
15 8712 1266 1543 3354 9143 7991 7413 2537 509 7518 7791 9517 9642 2819 616
15 7164 2709 6533 8979 6327 6136 9934 9900 2093 8782 1227 192 2627 7280 8081
16 415 5711 2567 5805 6059 2094 6013 9148 7152 1404 5549 2054 6921 749 6704 253
16 7617 9134 1393 1765 1119 7386 6660 3717 2275 2510 196 4973 4702 6532 8068 8409
13 516 9705 7738 7106 6181 1975 1316 641 9679 6169 3993 6506 1937
13 1939 638 621 6867 7100 6932 7810 8559 6503 3710 426 5569 5466
16 9001 7858 9912 9542 9710 1798 5344 9476 843 6929 5633 4479 4291 5809 9947 6783
15 573 5907 8164 9579 731 6308 8516 6654 9863 8981 2571 41 6360 2514 1881
13 4995 9563 4517 6153 9698 2170 1361 1115 4412 2749 8218 4820 806
14 439 5870 1943 6203 2779 2308 6447 8660 8376 7107 4811 3406 2703 7050
12 891 4682 5559 5231 240 860 2942 480 9099 5937 3959 4840
10 8061 9041 1705 7930 2712 127 2105 6972 1428 2523
13 9347 2706 6901 5950 3796 8077 6305 6159 427 7166 2834 12 7090
14 1634 2329 4026 2776 6495 5747 9778 497 453 6052 8987 4532 3760 9320
16 3734 2448 9894 8165 3779 2572 6358 9535 1629 172 6041 8244 9023 2501 3601 3041
14 3355 5593 4580 4437 5398 4619 2088 6012 3274 6667 9030 5215 9244 7156
10 3906 6573 3663 3173 1263 5548 9613 31 7677 8895
13 9045 8658 5032 8830 5430 65 3311 6637 47 8880 940 4346 7478
7 4695 5276 1820 9828 6377 4762 5685
9 7804 882 2828 4384 5526 3457 205 7968 5586
9 4735 9064 5285 796 4947 7741 8682 3451 990
12 5471 8776 8750 4841 3092 4981 6008 5787 4913 396 677 3583
10 6303 4895 7856 4274 3607 8731 5491 2385 3057 9423
12 4600 852 6988 7731 1486 7223 8893 1385 6673 3120 3668 5650
13 575 8305 617 4380 9080 103 7726 5256 6068 7951 1967 9586 5734
12 9113 166 2737 4224 5926 4954 5918 378 6311 3197 9422 8953
11 8916 7214 3207 2848 9765 5678 3979 8195 390 4680 8060
11 8596 8416 9774 8582 2911 1446 2959 6074 6798 9474 1022
13 8792 4872 4197 3168 9927 1601 8272 3421 1015 8484 7261 1464 2904
9 9164 2907 9991 574 6028 5849 7089 4561 5729
14 2881 1655 1010 2357 4352 3652 2616 7900 3148 1288 2041 9687 3653 587
12 1615 501 9398 2345 5092 2999 3328 7246 3289 2008 8487 2189
11 491 448 624 2544 6762 9293 1071 2716 8011 8501 9987
12 3226 4518 24 2067 8959 3962 6397 5161 9904 321 3308 9463
9 9916 9723 5280 6184 4698 3345 7553 8891 4827
11 2516 2268 8024 2487 1369 467 7843 556 7029 8228 6881
11 7435 8918 5609 4590 6029 1079 4237 7002 7789 3816 3522
9 7817 5667 5543 9452 5507 9748 5780 6266 5618
11 937 2119 2441 1105 1550 2902 3931 3985 287 2306 8225
9 145 5054 4683 4699 4592 3083 6755 3664 340
10 9003 1801 3840 769 5948 4793 6823 5844 3697 9505
8 3074 4552 3758 1270 3404 1295 9071 4998
8 8317 7938 8928 7008 2915 3072 4890 451
10 7729 2789 1891 7319 3467 8743 8986 637 3958 2273
10 7966 1916 8105 3138 4461 9869 5928 951 5960 5317
9 2291 5859 2123 368 5712 3101 9438 8070 4548
8 6442 9383 3030 9358 6161 2143 9615 4058
12 8978 3719 9767 8236 1255 3349 7801 5375 3589 6271 3024 1323
8 120 5374 1727 6513 8585 7837 3645 3161
8 8374 7631 6496 2444 7861 5372 6883 4257
7 8941 5774 8037 9573 1540 6821 7852
9 5970 8270 3474 7470 8574 2059 2807 1607 2400
8 5621 2031 953 4674 5432 6722 9094 578
9 1027 2371 6776 4643 9731 5845 7764 7371 5489
6 4940 2380 2895 5698 3970 9580
8 5216 8640 6404 8744 6094 6633 9152 8290
7 3008 3279 371 7997 9971 9444 5736
7 7934 788 6435 1672 4512 9388 3218
9 1184 7174 8187 1697 8353 4353 9829 4422 5591
8 2099 2670 1678 4268 1473 6371 6320 3468
6 8771 2467 1327 5257 5789 7926
7 1875 8784 8062 7004 6524 8298 7772
6 9018 2075 1638 7965 2925 2814
6 7839 936 5513 2985 3366 1739
7 1136 1991 6960 4354 9786 9161 6626
7 4832 2850 8589 1150 282 2481 6332
8 6189 9866 6947 2349 2829 3956 4556 7123
8 7850 2431 1211 7474 9645 4714 5481 8548
10 3305 9968 8774 696 3202 8151 8619 950 7921 4586
7 4962 8402 2969 3826 1313 6737 870
6 3062 1928 8583 4502 9100 8945
4 5178 4516 5050 1533
4 5002 7424 4897 6157
6 1559 6269 9349 6235 7362 5021
6 4540 2532 9650 4866 6542 3957
7 561 3901 9188 2594 7593 1522 3868
5 5365 119 7903 8539 5635
7 824 8240 6240 6842 836 3106 6498
6 5897 4791 3381 4881 5717 1345
5 5953 3633 4256 2781 1851
5 2493 4775 3769 2556 7537
5 6955 2456 7194 8092 7885
5 6830 4135 9697 2786 7294
5 3038 7322 8412 7697 6149
6 2634 6217 8132 3580 2620 6564
6 4526 4923 1484 8514 2968 8387
7 9403 7841 966 1399 7805 4956 5915
6 3540 5042 1106 3872 4345 4585
4 2585 4963 8768 5029
4 7654 3918 5779 9841
7 9555 1503 2213 1350 2249 6639 6969
6 7854 6974 6680 7066 5551 2215
3 6142 9847 5361
5 5877 6561 869 6264 3422
4 224 3472 3530 6650
5 4235 3403 825 1001 7399
6 2879 9330 8216 9544 3159 3913
4 6598 7806 2809 2957
5 283 3857 4254 3829 7608
6 7270 6952 2530 4707 8443 341
6 9724 4708 9782 764 7422 5930
4 9918 8360 845 5418
5 9109 6038 1551 518 1665
4 9015 6810 7178 1653
5 6663 8819 946 7978 9410
5 6587 9296 4339 2668 8715
5 2810 2386 6390 1268 2901
4 7568 4767 1946 2267
5 8265 8268 9995 4685 3059
5 2936 4965 265 2561 5851
4 5007 2952 126 503
5 1738 2016 8879 4419 6061
4 9404 8167 8470 3334
3 2956 7533 655
3 6898 7153 5284
3 6279 8180 9838
3 4037 362 9860
5 3080 7655 9873 3285 2804
6 9607 4097 5991 1315 1954 8307
4 8964 9643 9431 6133
5 7747 7165 1690 6732 2296
4 6055 8631 3529 4111
4 8096 5204 4635 5227
4 3870 8683 2134 8932
5 1212 4063 6942 9163 1791
3 8816 6806 7315
6 7908 1235 6656 4418 3444 1367
5 3188 5470 8479 7718 5562
4 2587 6647 5410 2528
3 3021 4605 2007
3 1773 3808 4771
4 511 6546 5681 7996
5 9192 6179 9882 6480 3555
1 98
5 2582 5044 3554 7555 4871
4 1778 9827 2157 3071
5 277 6843 5836 6173 7471
3 9768 6865 5988
3 4712 9354 5240
4 447 6088 8351 5561
3 7775 4014 4364
2 5392 2565
3 9802 977 6625
3 8887 3570 1099
3 2719 202 5473
4 2623 8898 4875 4690
4 9481 3006 212 5273
1 1596
3 7774 6537 8114
3 3048 4821 6121
2 9556 4594
2 1397 2661
2 6730 2217
2 1793 496
2 6596 8805
2 7534 7187
2 8194 4625
3 7063 6017 1990
