4040
0 109 0 120
0 248 5 249
0 29 1 34
0 50 0 61
0 141 0 152
0 87 0 98
0 162 0 173
0 76 1 81
0 199 0 210
0 17 0 28
0 129 0 140
0 43 2 46
0 64 0 75
0 219 0 230
0 101 1 106
0 240 1 245
0 10 1 15
0 47 3 49
0 186 0 197
0 121 1 126
0 233 1 238
0 153 1 158
0 35 1 40
0 211 1 216
0 2 1 7
0 178 1 183
0 63 11 63
0 84 3 86
0 175 3 177
0 107 5 108
0 160 5 161
0 41 5 42
0 217 5 218
0 99 5 100
0 8 11 8
0 184 5 185
0 246 5 247
0 0 5 1
0 127 5 128
0 239 11 239
0 159 11 159
0 82 5 83
0 231 5 232
0 198 11 198
0 16 11 16
0 62 11 62
0 174 11 174
1 58 3 61
1 221 3 224
1 96 4 98
1 142 2 147
1 27 6 28
1 209 6 210
1 65 3 68
1 130 1 141
1 165 2 170
1 50 12 50
1 200 2 205
1 227 3 230
1 120 12 120
1 19 2 24
1 54 3 57
1 89 3 92
1 189 4 191
1 192 4 194
1 93 4 95
1 112 2 117
1 196 6 197
1 111 12 111
1 72 6 73
1 150 4 152
1 172 6 173
1 220 12 220
1 26 12 26
1 208 12 208
1 64 12 64
1 129 12 129
1 164 12 164
1 207 12 207
1 226 12 226
1 18 12 18
1 53 12 53
1 195 12 195
1 88 12 88
1 199 12 199
1 171 12 171
1 219 12 219
1 75 12 75
1 149 12 149
1 163 12 163
1 25 12 25
1 71 12 71
1 187 6 188
1 225 12 225
1 52 12 52
1 118 6 119
1 87 12 87
1 74 12 74
1 109 6 110
1 148 12 148
1 162 12 162
1 51 12 51
1 186 12 186
2 153 3 158
2 178 4 181
2 9 3 14
2 34 3 39
2 5 5 7
2 138 4 141
2 134 4 137
2 29 4 32
2 76 3 81
2 105 13 105
2 130 4 133
2 245 13 245
2 101 4 104
2 212 4 215
2 241 4 244
2 234 4 237
2 183 13 183
2 125 7 126
2 121 4 124
2 2 5 4
2 106 13 106
2 15 13 15
2 40 13 40
2 33 13 33
2 240 13 240
2 233 13 233
3 19 4 24
3 112 4 117
3 167 5 170
3 147 14 147
3 182 14 182
3 202 5 205
3 46 14 46
3 69 14 69
3 206 14 206
3 166 14 166
3 143 5 146
3 201 14 201
3 45 14 45
3 165 14 165
3 142 14 142
3 200 14 200
3 44 14 44
3 43 14 43
3 238 14 238
4 12 7 14
4 156 7 158
4 54 5 59
4 227 7 229
4 91 9 92
4 38 9 39
4 67 9 68
4 211 15 211
4 34 6 37
4 79 7 81
4 84 9 85
4 223 9 224
4 9 7 11
4 153 7 155
4 76 7 78
4 47 7 49
4 60 9 61
4 89 9 90
4 175 7 177
4 65 9 66
4 221 9 222
4 86 15 86
4 230 15 230
5 178 7 181
5 194 16 194
5 237 16 237
5 136 6 141
5 24 16 24
5 190 7 193
5 94 7 97
5 244 16 244
5 121 7 124
5 213 7 216
5 101 8 103
5 135 16 135
5 131 10 132
5 19 7 22
5 116 10 117
5 31 10 32
5 112 7 115
5 150 8 152
5 236 16 236
5 189 16 189
5 243 16 243
5 212 16 212
5 134 16 134
5 130 16 130
5 104 16 104
5 30 16 30
5 235 16 235
5 242 16 242
5 29 16 29
5 241 16 241
5 98 16 98
6 161 17 161
6 99 11 100
6 41 11 42
6 232 17 232
6 203 9 205
6 145 11 146
6 170 17 170
6 58 11 59
6 0 7 5
6 83 17 83
6 249 17 249
6 54 8 57
6 108 17 108
6 217 11 218
6 167 9 169
6 184 11 185
6 246 9 248
6 6 11 7
6 143 11 144
6 202 17 202
6 127 11 128
6 231 17 231
6 82 17 82
6 107 17 107
7 28 18 28
7 172 12 173
7 141 18 141
7 137 12 138
7 160 18 160
7 187 12 188
7 109 12 110
7 35 10 37
7 27 18 27
7 140 18 140
7 70 18 70
7 136 18 136
7 210 18 210
7 34 18 34
7 73 18 73
7 209 18 209
7 139 18 139
7 119 18 119
7 197 18 197
7 72 18 72
7 17 18 17
7 118 18 118
7 196 18 196
8 12 11 14
8 156 11 158
8 48 13 49
8 21 11 23
8 122 10 125
8 229 19 229
8 95 11 97
8 47 19 47
8 191 11 193
8 126 19 126
8 215 13 216
8 1 11 3
8 80 13 81
8 5 19 5
8 176 9 181
8 79 19 79
8 175 19 175
8 9 11 11
8 153 11 155
8 115 19 115
8 234 19 234
8 76 11 78
8 112 11 114
8 19 13 20
8 227 13 228
8 213 13 214
8 121 19 121
8 94 19 94
8 190 19 190
8 0 19 0
9 56 14 57
9 150 12 152
9 93 20 93
9 102 20 102
9 55 20 55
9 101 20 101
9 54 20 54
10 180 15 181
10 176 12 179
10 39 21 39
10 203 13 205
10 91 15 92
10 247 15 248
10 67 15 68
10 60 15 61
10 168 15 169
10 84 15 85
10 221 12 224
10 89 15 90
10 65 21 65
10 38 21 38
10 167 21 167
10 246 21 246
10 66 21 66
11 123 14 125
11 4 22 4
11 37 22 37
11 31 22 31
11 122 22 122
11 132 22 132
11 32 22 32
11 36 22 36
11 131 22 131
11 35 22 35
11 116 16 117
12 42 23 42
12 7 13 12
12 3 23 3
12 63 23 63
12 143 14 146
12 113 17 114
12 193 23 193
12 59 23 59
12 174 23 174
12 218 23 218
12 156 14 159
12 95 15 97
12 191 17 192
12 198 23 198
12 21 15 23
12 13 23 13
12 128 23 128
12 153 17 154
12 184 17 185
12 127 23 127
12 1 17 2
12 76 15 78
12 41 23 41
12 6 23 6
12 99 17 100
12 239 23 239
12 62 23 62
12 112 23 112
12 58 23 58
12 217 23 217
12 155 23 155
13 195 24 195
13 222 16 224
13 148 15 151
13 177 18 178
13 71 24 71
13 173 24 173
13 53 24 53
13 188 24 188
13 221 24 221
13 74 18 75
13 172 24 172
13 103 24 103
13 164 24 164
13 52 24 52
13 187 24 187
13 179 24 179
13 110 18 111
13 138 24 138
13 26 24 26
13 208 24 208
13 171 24 171
13 18 24 18
13 163 24 163
13 88 24 88
13 51 24 51
13 186 24 186
13 219 24 219
13 225 18 226
13 109 24 109
13 25 24 25
13 207 24 207
13 133 24 133
13 64 24 64
13 199 24 199
13 162 24 162
13 87 24 87
13 50 24 50
13 152 24 152
14 10 19 11
14 80 19 81
14 14 17 16
14 106 25 106
14 213 16 216
14 227 19 228
14 7 17 9
14 40 25 40
14 48 19 49
14 19 19 20
14 33 25 33
14 203 17 205
14 12 25 12
14 240 25 240
14 233 25 233
14 245 25 245
14 105 25 105
14 183 25 183
14 220 25 220
15 143 17 146
15 124 20 125
15 45 20 46
15 182 26 182
15 201 26 201
15 165 20 166
15 159 26 159
15 57 26 57
15 44 26 44
15 123 26 123
15 200 26 200
15 158 26 158
15 129 26 129
15 56 26 56
15 238 26 238
15 43 26 43
15 157 26 157
15 206 26 206
15 156 26 156
16 69 27 69
16 90 19 92
16 86 27 86
16 230 27 230
16 181 27 181
16 148 18 151
16 169 27 169
16 78 27 78
16 247 21 248
16 21 19 23
16 95 19 97
16 67 21 68
16 84 21 85
16 60 21 61
16 76 21 77
16 89 27 89
16 180 27 180
16 147 27 147
16 168 27 168
17 24 28 24
17 222 20 224
17 241 19 244
17 120 28 120
17 214 20 216
17 116 22 117
17 194 28 194
17 104 28 104
17 213 28 213
17 236 22 237
17 30 28 30
17 135 28 135
17 189 28 189
17 235 28 235
17 212 28 212
17 98 28 98
17 211 28 211
18 144 21 146
18 7 21 9
18 161 29 161
18 202 21 204
18 16 29 16
18 153 23 154
18 82 23 83
18 107 23 108
18 99 23 100
18 137 29 137
18 191 23 192
18 232 29 232
18 249 29 249
18 142 29 142
18 1 23 2
18 130 29 130
18 184 23 185
18 113 23 114
18 176 29 176
18 143 29 143
18 205 29 205
18 15 29 15
19 118 30 118
19 151 30 151
19 209 24 210
19 72 22 74
19 225 24 226
19 196 24 197
19 34 30 34
19 150 30 150
19 17 30 17
19 75 30 75
19 141 30 141
19 149 30 149
19 178 30 178
19 111 30 111
19 28 30 28
19 140 30 140
19 119 30 119
19 177 30 177
19 148 30 148
19 160 30 160
19 27 30 27
19 139 30 139
19 110 30 110
20 242 23 244
20 80 25 81
20 10 25 11
20 92 31 92
20 231 31 231
20 22 25 23
20 115 31 115
20 227 23 229
20 49 31 49
20 96 25 97
20 70 31 70
20 19 23 21
20 47 25 48
20 94 25 95
20 90 25 91
20 121 31 121
20 5 31 5
20 136 31 136
20 175 31 175
20 241 31 241
20 234 31 234
21 93 32 93
21 14 32 14
21 126 32 126
21 101 26 102
21 166 32 166
21 55 32 55
21 216 32 216
21 170 32 170
21 224 32 224
21 125 32 125
21 46 32 46
21 165 32 165
21 54 32 54
21 214 26 215
21 45 32 45
21 222 26 223
22 76 27 77
22 60 27 61
22 68 33 68
22 247 27 248
22 84 33 84
22 202 25 204
22 65 25 67
22 7 27 8
22 38 33 38
22 85 33 85
22 167 33 167
22 144 25 146
22 0 33 0
22 39 33 39
22 79 33 79
22 9 33 9
22 246 33 246
23 73 28 74
23 36 28 37
23 32 34 32
23 31 34 31
23 131 28 132
23 122 34 122
23 72 34 72
23 237 34 237
23 117 34 117
24 244 35 244
24 153 27 155
24 190 26 193
24 113 29 114
24 59 35 59
24 229 35 229
24 63 35 63
24 3 29 4
24 19 27 21
24 41 29 42
24 99 29 100
24 184 35 184
24 242 29 243
24 107 35 107
24 128 35 128
24 217 35 217
24 227 29 228
24 82 29 83
24 1 29 2
24 198 35 198
24 127 35 127
24 239 35 239
24 185 35 185
24 13 35 13
24 108 35 108
24 112 35 112
24 58 35 58
24 218 35 218
24 116 35 116
24 62 35 62
24 174 35 174
24 6 35 6
25 186 36 186
25 221 36 221
25 196 30 197
25 18 36 18
25 53 36 53
25 88 36 88
25 134 36 134
25 71 36 71
25 26 36 26
25 138 36 138
25 173 36 173
25 208 28 210
25 226 36 226
25 195 36 195
25 87 36 87
25 52 36 52
25 164 36 164
25 207 36 207
25 133 36 133
25 25 36 25
25 172 36 172
25 109 36 109
25 219 36 219
25 225 36 225
25 163 36 163
25 188 36 188
25 171 36 171
25 179 36 179
25 187 36 187
25 50 30 51
25 162 36 162
25 152 36 152
25 103 36 103
25 64 36 64
26 183 37 183
26 233 37 233
26 124 37 124
26 146 37 146
26 47 31 48
26 95 29 97
26 245 37 245
26 91 37 91
26 10 29 12
26 22 31 23
26 220 37 220
26 80 37 80
26 40 37 40
26 65 29 67
26 106 37 106
26 33 37 33
26 202 31 203
26 144 31 145
26 236 37 236
26 94 37 94
26 240 37 240
27 123 38 123
27 158 32 159
27 57 38 57
27 199 30 201
27 223 38 223
27 44 38 44
27 102 38 102
27 157 38 157
27 215 38 215
27 206 38 206
27 56 38 56
27 222 38 222
27 43 38 43
27 101 38 101
27 191 30 193
27 156 38 156
27 214 38 214
27 190 38 190
27 182 38 182
28 181 39 181
28 29 39 29
28 247 39 247
28 21 39 21
28 129 39 129
28 76 31 78
28 153 31 155
28 248 39 248
28 204 39 204
28 7 39 7
28 60 33 61
28 168 33 169
28 69 39 69
28 89 33 90
28 19 39 19
28 230 39 230
28 180 39 180
28 147 39 147
28 20 39 20
29 210 31 213
29 120 40 120
29 135 40 135
29 131 34 132
29 37 40 37
29 209 40 209
29 30 40 30
29 98 40 98
29 189 40 189
29 36 40 36
29 208 40 208
29 74 40 74
29 8 40 8
29 35 40 35
29 194 40 194
29 104 34 105
29 24 40 24
29 73 40 73
30 99 35 100
30 41 35 42
30 66 41 66
30 12 41 12
30 228 41 228
30 83 41 83
30 137 41 137
30 232 41 232
30 1 32 4
30 95 33 97
30 67 41 67
30 249 41 249
30 130 41 130
30 113 35 114
30 176 41 176
30 142 35 143
30 242 35 243
30 10 35 11
30 81 35 82
30 205 41 205
30 161 41 161
30 65 41 65
30 15 35 16
30 227 41 227
30 235 41 235
31 151 42 151
31 178 42 178
31 197 42 197
31 193 42 193
31 50 36 51
31 177 42 177
31 139 34 141
31 150 42 150
31 27 36 28
31 119 42 119
31 34 42 34
31 196 42 196
31 200 36 201
31 149 42 149
31 111 42 111
31 118 42 118
31 160 42 160
31 17 42 17
31 148 42 148
31 191 36 192
31 75 42 75
32 110 43 110
32 210 34 213
32 241 43 241
32 48 37 49
32 203 43 203
32 234 43 234
32 153 35 155
32 76 35 78
32 145 43 145
32 92 43 92
32 22 37 23
32 115 43 115
32 231 43 231
32 47 43 47
32 136 43 136
32 121 43 121
32 86 43 86
32 5 43 5
32 144 43 144
33 165 38 166
33 3 44 3
33 93 44 93
33 126 44 126
33 238 44 238
33 14 44 14
33 2 44 2
33 159 44 159
33 125 44 125
33 216 44 216
33 55 44 55
33 1 44 1
33 158 44 158
33 170 44 170
33 224 44 224
33 54 44 54
34 97 45 97
34 9 45 9
34 79 45 79
34 246 45 246
34 169 45 169
34 60 39 61
34 95 45 95
34 68 45 68
34 84 39 85
34 38 39 39
34 202 45 202
34 167 45 167
34 89 39 90
34 70 45 70
34 168 45 168
35 4 46 4
35 131 40 132
35 122 46 122
35 139 38 141
35 31 40 32
35 117 46 117
35 211 38 213
35 237 46 237
35 105 46 105
35 199 46 199
35 210 46 210
35 104 46 104
36 63 47 63
36 113 41 114
36 59 47 59
36 174 41 175
36 78 47 78
36 128 47 128
36 218 47 218
36 198 47 198
36 229 47 229
36 13 47 13
36 153 39 155
36 184 41 185
36 242 39 244
36 6 47 6
36 127 47 127
36 45 41 46
36 10 41 11
36 76 41 77
36 41 41 42
36 99 41 100
36 72 47 72
36 116 47 116
36 81 41 82
36 62 47 62
36 142 41 143
36 107 41 108
36 112 47 112
36 58 47 58
36 15 47 15
36 239 47 239
36 16 47 16
36 217 47 217
37 53 48 53
37 186 40 188
37 133 42 134
37 28 48 28
37 103 48 103
37 162 40 164
37 152 48 152
37 52 48 52
37 27 48 27
37 221 48 221
37 173 48 173
37 18 48 18
37 226 48 226
37 88 48 88
37 51 48 51
37 201 48 201
37 64 48 64
37 87 48 87
37 172 48 172
37 109 48 109
37 179 48 179
37 191 42 192
37 225 48 225
37 71 48 71
37 200 48 200
37 25 42 26
37 138 48 138
37 219 48 219
37 171 48 171
37 195 48 195
37 207 48 207
38 245 49 245
38 94 49 94
38 233 49 233
38 91 49 91
38 48 41 50
38 146 49 146
38 40 49 40
38 220 49 220
38 106 49 106
38 22 43 23
38 80 49 80
38 33 49 33
38 240 49 240
38 236 49 236
38 124 49 124
39 206 50 206
39 96 50 96
39 140 44 141
39 123 50 123
39 57 50 57
39 213 42 215
39 165 44 166
39 139 50 139
39 44 50 44
39 102 50 102
39 223 50 223
39 157 50 157
39 211 44 212
39 190 50 190
39 101 50 101
39 182 50 182
39 43 50 43
39 222 50 222
39 156 50 156
40 129 51 129
40 21 51 21
40 29 51 29
40 183 51 183
40 38 45 39
40 154 45 155
40 84 51 84
40 242 43 244
40 204 51 204
40 180 45 181
40 147 51 147
40 230 51 230
40 85 51 85
40 89 51 89
40 19 45 20
40 247 45 248
40 60 45 61
40 69 51 69
40 7 51 7
40 90 51 90
40 153 51 153
41 187 46 188
41 163 46 164
41 74 52 74
41 31 46 32
41 194 52 194
41 120 52 120
41 186 52 186
41 209 52 209
41 162 52 162
41 131 46 132
41 73 52 73
41 135 52 135
41 30 52 30
41 37 52 37
41 189 52 189
41 208 52 208
41 36 52 36
41 98 52 98
41 24 52 24
41 35 52 35
42 205 53 205
42 99 47 100
42 66 47 67
42 107 47 108
42 0 53 0
42 45 53 45
42 83 53 83
42 227 47 228
42 12 53 12
42 41 47 42
42 50 53 50
42 185 53 185
42 8 53 8
42 235 53 235
42 161 53 161
42 46 53 46
42 113 47 114
42 232 53 232
42 174 45 176
42 76 47 77
42 137 53 137
42 81 47 82
42 10 47 11
42 48 47 49
42 130 53 130
42 142 47 143
42 65 53 65
42 184 53 184
43 75 54 75
43 214 48 215
43 178 54 178
43 151 54 151
43 213 54 213
43 177 54 177
43 193 54 193
43 197 54 197
43 34 54 34
43 150 54 150
43 26 54 26
43 134 54 134
43 192 54 192
43 119 54 119
43 196 54 196
43 149 54 149
43 111 54 111
43 25 54 25
43 160 54 160
43 17 54 17
43 133 54 133
43 191 54 191
43 118 54 118
43 148 54 148
44 144 49 145
44 231 55 231
44 86 55 86
44 115 55 115
44 136 55 136
44 203 55 203
44 241 46 244
44 92 55 92
44 121 55 121
44 5 55 5
44 22 49 23
44 47 55 47
44 234 55 234
44 110 55 110
45 1 48 3
45 55 56 55
45 125 50 126
45 141 56 141
45 211 50 212
45 238 56 238
45 54 56 54
45 140 56 140
45 93 56 93
45 159 56 159
45 170 56 170
45 166 56 166
45 14 56 14
45 158 56 158
45 224 56 224
45 216 56 216
45 165 56 165
46 60 51 61
46 154 57 154
46 95 57 95
46 181 57 181
46 68 57 68
46 247 49 249
46 174 49 176
46 155 57 155
46 38 51 39
46 19 57 19
46 167 49 169
46 70 57 70
46 97 57 97
46 20 57 20
46 180 57 180
46 9 57 9
46 246 57 246
46 79 57 79
47 163 52 164
47 31 58 31
47 241 52 242
47 122 58 122
47 199 58 199
47 56 58 56
47 105 58 105
47 117 58 117
47 187 52 188
47 244 58 244
47 104 58 104
47 202 58 202
47 4 58 4
47 131 58 131
48 198 59 198
48 113 53 114
48 128 59 128
48 59 59 59
48 229 59 229
48 16 59 16
48 63 59 63
48 78 59 78
48 66 53 67
48 48 59 48
48 13 59 13
48 32 59 32
48 239 59 239
48 127 59 127
48 217 53 218
48 142 53 143
48 227 59 227
48 72 59 72
48 76 53 77
48 107 53 108
48 10 53 11
48 41 53 42
48 99 53 100
48 81 59 81
48 6 59 6
48 112 59 112
48 116 59 116
48 62 59 62
48 15 59 15
49 87 54 88
49 219 60 219
49 1 52 3
49 225 54 226
49 28 60 28
49 71 60 71
49 215 60 215
49 53 60 53
49 152 60 152
49 195 60 195
49 27 60 27
49 214 60 214
49 103 60 103
49 173 60 173
49 52 60 52
49 132 60 132
49 221 60 221
49 51 60 51
49 201 60 201
49 172 60 172
49 179 60 179
49 58 60 58
49 138 60 138
49 109 60 109
49 64 60 64
49 171 60 171
49 200 60 200
50 169 61 169
50 248 55 249
50 94 61 94
50 236 61 236
50 82 61 82
50 174 53 176
50 91 61 91
50 144 55 145
50 233 61 233
50 106 61 106
50 167 55 168
50 207 61 207
50 40 61 40
50 80 61 80
50 22 55 23
50 220 61 220
50 247 61 247
50 124 61 124
50 33 61 33
51 146 62 146
51 243 62 243
51 212 62 212
51 57 62 57
51 44 62 44
51 211 62 211
51 157 62 157
51 102 62 102
51 223 62 223
51 237 62 237
51 43 62 43
51 206 62 206
51 126 62 126
51 101 62 101
51 210 62 210
51 222 62 222
51 182 62 182
51 125 62 125
51 96 62 96
52 29 63 29
52 183 63 183
52 39 63 39
52 230 63 230
52 84 57 85
52 69 63 69
52 139 63 139
52 7 63 7
52 147 63 147
52 60 57 61
52 89 57 90
52 129 63 129
52 38 63 38
52 204 63 204
52 153 63 153
52 21 63 21
53 241 58 242
53 135 64 135
53 162 56 164
53 73 64 73
53 37 64 37
53 2 58 3
53 120 64 120
53 186 55 189
53 49 64 49
53 209 64 209
53 30 64 30
53 36 64 36
53 98 64 98
53 208 64 208
53 74 64 74
53 194 64 194
53 24 64 24
54 83 65 83
54 174 57 176
54 50 65 50
54 137 65 137
54 76 59 77
54 10 57 12
54 240 65 240
54 113 59 114
54 142 59 143
54 130 65 130
54 65 57 67
54 205 65 205
54 107 65 107
54 99 59 100
54 41 59 42
54 217 59 218
54 8 65 8
54 184 59 185
54 235 65 235
54 0 59 1
54 161 65 161
54 46 65 46
54 232 65 232
55 197 66 197
55 193 66 193
55 151 66 151
55 178 66 178
55 34 66 34
55 213 66 213
55 134 66 134
55 196 66 196
55 111 66 111
55 177 66 177
55 150 66 150
55 133 66 133
55 160 66 160
55 88 66 88
55 226 66 226
55 119 66 119
55 149 66 149
55 75 66 75
55 25 60 26
55 191 60 192
55 225 66 225
55 17 60 18
55 118 66 118
55 87 66 87
55 190 66 190
56 189 67 189
56 45 67 45
56 92 67 92
56 22 61 23
56 123 67 123
56 248 61 249
56 108 67 108
56 186 59 188
56 136 67 136
56 167 61 168
56 144 67 144
56 156 67 156
56 203 67 203
56 86 67 86
56 234 67 234
56 47 67 47
56 145 67 145
56 5 67 5
56 110 67 110
57 164 60 166
57 93 68 93
57 14 68 14
57 238 68 238
57 159 68 159
57 163 68 163
57 55 68 55
57 121 68 121
57 162 68 162
57 245 68 245
57 216 68 216
57 54 68 54
57 141 68 141
57 224 68 224
57 140 68 140
57 231 68 231
57 148 68 148
58 9 60 12
58 95 69 95
58 68 69 68
58 246 69 246
58 60 63 61
58 84 63 85
58 180 63 181
58 176 69 176
58 65 61 67
58 158 69 158
58 154 63 155
58 70 69 70
58 19 63 20
58 89 63 90
58 174 63 175
58 97 69 97
58 35 69 35
58 79 69 79
59 3 64 4
59 56 70 56
59 31 70 31
59 242 70 242
59 122 70 122
59 2 70 2
59 105 70 105
59 241 70 241
59 199 70 199
59 117 70 117
59 104 70 104
59 202 70 202
59 244 70 244
59 131 70 131
60 16 71 16
60 13 71 13
60 188 71 188
60 184 62 187
60 142 65 143
60 1 71 1
60 32 71 32
60 76 63 78
60 227 63 229
60 72 71 72
60 114 65 115
60 48 71 48
60 41 65 42
60 99 65 100
60 127 65 128
60 217 65 218
60 15 71 15
60 198 71 198
60 81 71 81
60 62 65 63
60 112 65 113
60 0 71 0
60 59 71 59
61 103 72 103
61 215 72 215
61 173 72 173
61 165 66 166
61 11 66 12
61 152 72 152
61 27 66 28
61 214 72 214
61 172 72 172
61 52 66 53
61 201 72 201
61 164 72 164
61 109 72 109
61 221 72 221
61 26 72 26
61 138 72 138
61 64 72 64
61 171 72 171
61 18 72 18
61 51 72 51
61 9 66 10
61 191 66 192
61 71 72 71
61 179 72 179
61 25 72 25
61 17 72 17
61 195 72 195
61 219 72 219
62 249 73 249
62 91 73 91
62 67 73 67
62 132 73 132
62 233 73 233
62 167 64 170
62 106 73 106
62 80 73 80
62 40 73 40
62 22 67 23
62 207 73 207
62 247 67 248
62 220 73 220
62 33 73 33
62 116 73 116
62 200 73 200
62 124 73 124
62 65 67 66
62 82 73 82
62 94 73 94
63 57 68 58
63 206 74 206
63 184 65 187
63 146 74 146
63 212 74 212
63 126 74 126
63 44 74 44
63 102 74 102
63 157 74 157
63 211 74 211
63 101 74 101
63 223 74 223
63 210 74 210
63 243 74 243
64 182 69 183
64 38 69 39
64 175 75 175
64 237 75 237
64 29 75 29
64 204 75 204
64 229 69 230
64 154 69 155
64 76 67 78
64 139 75 139
64 125 75 125
64 180 69 181
64 84 69 85
64 147 75 147
64 7 75 7
64 60 69 61
64 69 75 69
64 89 69 90
64 227 69 228
64 19 67 21
64 174 75 174
64 129 75 129
64 153 75 153
65 3 70 4
65 169 76 169
65 208 70 209
65 168 76 168
65 37 76 37
65 49 76 49
65 98 76 98
65 36 76 36
65 194 76 194
65 167 76 167
65 74 76 74
65 222 76 222
65 24 76 24
65 73 76 73
65 96 76 96
66 217 71 218
66 127 71 128
66 46 77 46
66 235 77 235
66 42 77 42
66 161 77 161
66 115 77 115
66 62 71 63
66 100 77 100
66 50 77 50
66 137 77 137
66 232 77 232
66 186 71 187
66 112 69 114
66 6 77 6
66 83 77 83
66 142 71 143
66 130 77 130
66 205 77 205
66 41 77 41
66 8 77 8
66 184 71 185
66 107 77 107
66 99 77 99
67 225 78 225
67 120 78 120
67 191 78 191
67 12 78 12
67 213 78 213
67 34 78 34
67 178 78 178
67 151 78 151
67 193 78 193
67 11 78 11
67 53 78 53
67 190 78 190
67 88 78 88
67 197 78 197
67 236 78 236
67 166 78 166
67 170 78 170
67 177 78 177
67 111 78 111
67 118 72 119
67 87 78 87
67 192 78 192
67 10 78 10
67 52 78 52
67 165 78 165
67 134 72 135
67 149 72 150
67 9 78 9
67 160 78 160
67 28 78 28
68 86 79 86
68 136 79 136
68 239 73 240
68 145 79 145
68 123 79 123
68 248 79 248
68 133 79 133
68 66 79 66
68 78 79 78
68 5 79 5
68 203 79 203
68 22 73 23
68 75 71 77
68 92 79 92
68 47 79 47
68 19 71 21
68 226 79 226
68 144 79 144
68 234 79 234
68 247 79 247
68 156 79 156
68 110 79 110
69 121 80 121
69 140 74 141
69 159 80 159
69 224 80 224
69 54 74 55
69 162 74 163
69 93 80 93
69 58 80 58
69 231 80 231
69 216 80 216
69 30 80 30
69 57 80 57
69 45 80 45
69 238 80 238
69 14 80 14
69 245 80 245
70 176 81 176
70 85 81 85
70 229 81 229
70 180 72 183
70 61 81 61
70 246 81 246
70 65 81 65
70 90 81 90
70 189 81 189
70 230 81 230
70 95 81 95
70 112 73 114
70 227 75 228
70 38 81 38
70 79 81 79
70 154 81 154
70 35 81 35
70 158 81 158
70 84 81 84
70 39 81 39
70 60 81 60
70 97 81 97
70 68 81 68
70 89 81 89
71 105 82 105
71 241 76 242
71 43 82 43
71 4 82 4
71 148 82 148
71 31 82 31
71 202 82 202
71 104 82 104
71 244 82 244
71 209 82 209
71 3 82 3
71 131 82 131
71 208 82 208
71 122 82 122
71 56 82 56
72 59 83 59
72 0 75 2
72 63 83 63
72 184 74 187
72 188 83 188
72 48 83 48
72 21 83 21
72 32 83 32
72 13 83 13
72 75 75 77
72 142 77 143
72 127 77 128
72 217 77 218
72 19 77 20
72 72 83 72
72 81 83 81
72 62 83 62
72 16 83 16
72 15 83 15
72 198 77 199
73 103 84 103
73 173 84 173
73 180 75 183
73 118 84 118
73 135 84 135
73 164 84 164
73 179 84 179
73 150 84 150
73 172 84 172
73 18 84 18
73 134 84 134
73 51 84 51
73 215 84 215
73 138 84 138
73 219 84 219
73 64 84 64
73 171 84 171
73 149 84 149
73 195 78 196
73 109 84 109
73 17 84 17
73 214 84 214
73 25 76 27
73 71 84 71
73 152 84 152
73 108 84 108
74 200 85 200
74 82 85 82
74 94 85 94
74 113 79 114
74 201 85 201
74 132 85 132
74 249 85 249
74 91 85 91
74 22 79 23
74 233 85 233
74 40 85 40
74 106 85 106
74 80 85 80
74 207 85 207
74 33 85 33
74 220 79 221
74 116 79 117
74 112 85 112
74 124 85 124
75 157 86 157
75 186 80 187
75 141 86 141
75 119 86 119
75 210 78 212
75 162 80 163
75 185 86 185
75 243 86 243
75 126 86 126
75 206 86 206
75 239 86 239
75 140 86 140
75 184 86 184
75 44 86 44
75 102 86 102
75 101 86 101
75 223 86 223
75 54 80 55
76 228 87 228
76 77 87 77
76 183 87 183
76 7 87 7
76 69 87 69
76 175 87 175
76 237 87 237
76 125 87 125
76 153 87 153
76 180 79 182
76 0 79 2
76 29 87 29
76 129 87 129
76 146 81 147
76 75 87 75
76 204 87 204
76 155 87 155
76 227 87 227
76 174 87 174
77 25 80 27
77 96 88 96
77 24 88 24
77 169 88 169
77 74 88 74
77 49 88 49
77 37 88 37
77 139 88 139
77 168 88 168
77 73 88 73
77 241 82 242
77 36 88 36
77 167 88 167
77 222 88 222
78 218 89 218
78 83 89 83
78 137 89 137
78 199 89 199
78 232 89 232
78 6 89 6
78 130 89 130
78 142 83 143
78 98 81 100
78 19 83 20
78 41 83 42
78 8 89 8
78 205 89 205
78 107 89 107
78 128 89 128
78 115 89 115
78 217 89 217
78 198 89 198
78 235 89 235
78 127 89 127
78 46 89 46
78 50 89 50
79 166 90 166
79 213 90 213
79 111 90 111
79 240 90 240
79 170 90 170
79 76 90 76
79 151 90 151
79 178 90 178
79 53 90 53
79 190 80 195
79 165 90 165
79 10 82 12
79 161 90 161
79 88 90 88
79 212 90 212
79 177 90 177
79 87 90 87
79 9 90 9
79 52 90 52
79 225 90 225
79 28 90 28
79 34 90 34
79 210 84 211
79 197 90 197
79 236 90 236
80 234 91 234
80 180 85 181
80 226 91 226
80 78 91 78
80 66 91 66
80 247 85 248
80 156 91 156
80 70 91 70
80 0 83 2
80 144 85 145
80 116 91 116
80 136 91 136
80 92 91 92
80 113 85 114
80 203 91 203
80 117 91 117
80 5 91 5
80 220 91 220
80 22 85 23
80 133 91 133
80 47 91 47
80 110 91 110
80 221 91 221
80 123 91 123
81 245 92 245
81 163 92 163
81 67 92 67
81 121 92 121
81 186 86 187
81 190 82 195
81 159 86 160
81 182 92 182
81 86 92 86
81 58 92 58
81 27 92 27
81 162 92 162
81 54 86 55
81 224 92 224
81 93 92 93
81 216 92 216
81 57 92 57
81 26 92 26
81 30 92 30
81 231 92 231
81 25 92 25
81 238 92 238
82 189 93 189
82 98 85 100
82 65 93 65
82 90 93 90
82 61 93 61
82 95 93 95
82 79 93 79
82 158 93 158
82 154 93 154
82 146 87 147
82 229 87 230
82 84 87 85
82 14 93 14
82 97 93 97
82 176 93 176
82 39 93 39
82 35 93 35
82 60 93 60
82 89 93 89
83 122 94 122
83 209 94 209
83 56 94 56
83 31 94 31
83 105 94 105
83 242 94 242
83 192 85 195
83 10 86 12
83 208 94 208
83 241 94 241
83 104 94 104
83 191 94 191
83 4 94 4
83 244 94 244
83 202 94 202
83 190 94 190
83 131 94 131
84 21 95 21
84 142 95 142
84 48 95 48
84 2 95 2
84 45 95 45
84 41 87 43
84 72 95 72
84 143 95 143
84 38 95 38
84 15 89 16
84 19 89 20
84 148 95 148
84 81 95 81
84 62 89 63
84 0 89 1
84 59 95 59
84 188 95 188
85 134 90 135
85 118 96 118
85 64 96 64
85 171 88 173
85 150 96 150
85 109 96 109
85 179 96 179
85 71 96 71
85 18 96 18
85 51 96 51
85 149 96 149
85 219 96 219
85 108 96 108
85 13 96 13
85 214 90 215
85 17 96 17
85 210 90 211
85 103 96 103
85 120 96 120
85 164 96 164
85 246 96 246
86 94 97 94
86 132 97 132
86 82 97 82
86 233 97 233
86 194 97 194
86 40 97 40
86 152 97 152
86 113 91 114
86 106 97 106
86 144 91 145
86 98 89 100
86 249 97 249
86 91 97 91
86 195 97 195
86 33 97 33
86 138 97 138
86 180 91 181
86 200 91 201
86 22 91 23
86 80 97 80
86 192 91 193
86 247 91 248
86 124 97 124
86 112 97 112
87 119 98 119
87 11 98 11
87 102 98 102
87 185 90 187
87 3 98 3
87 126 98 126
87 243 98 243
87 32 98 32
87 10 98 10
87 159 98 159
87 55 98 55
87 141 98 141
87 223 98 223
87 12 98 12
87 54 98 54
87 157 98 157
87 206 92 207
87 239 98 239
88 174 99 174
88 29 99 29
88 229 93 230
88 84 93 85
88 153 99 153
88 125 99 125
88 237 99 237
88 69 99 69
88 77 99 77
88 7 99 7
88 183 93 184
88 41 91 43
88 227 99 227
88 147 99 147
88 155 99 155
88 140 99 140
88 75 99 75
88 228 99 228
88 129 99 129
89 169 100 169
89 73 94 74
89 173 100 173
89 37 100 37
89 49 100 49
89 168 100 168
89 172 100 172
89 36 100 36
89 171 100 171
89 139 100 139
89 222 100 222
89 24 100 24
89 96 100 96
90 204 101 204
90 83 101 83
90 130 101 130
90 50 101 50
90 62 101 62
90 68 101 68
90 6 101 6
90 205 101 205
90 98 92 101
90 63 101 63
90 198 95 199
90 217 95 218
90 15 95 16
90 235 101 235
90 128 101 128
90 19 95 20
90 107 101 107
90 0 95 1
90 115 101 115
90 232 101 232
90 127 101 127
90 8 101 8
90 137 101 137
90 46 101 46
90 196 101 196
90 167 101 167
91 225 102 225
91 187 102 187
91 170 102 170
91 210 92 215
91 236 102 236
91 166 102 166
91 135 102 135
91 186 102 186
91 197 102 197
91 111 102 111
91 178 102 178
91 76 102 76
91 240 102 240
91 151 102 151
91 161 102 161
91 53 102 53
91 165 102 165
91 9 102 9
91 185 102 185
91 134 102 134
91 177 102 177
91 160 102 160
91 52 102 52
91 87 96 88
91 175 102 175
91 28 102 28
92 42 95 44
92 247 97 248
92 5 103 5
92 34 103 34
92 181 103 181
92 116 97 117
92 203 103 203
92 144 97 145
92 47 103 47
92 92 103 92
92 200 97 201
92 113 97 114
92 192 97 193
92 22 97 23
92 234 103 234
92 226 103 226
92 146 103 146
92 78 103 78
92 221 103 221
92 41 103 41
92 70 103 70
92 66 103 66
92 180 103 180
92 123 103 123
92 136 103 136
93 101 104 101
93 214 96 216
93 162 98 163
93 210 95 213
93 182 104 182
93 86 104 86
93 100 104 100
93 27 104 27
93 231 104 231
93 93 104 93
93 238 104 238
93 30 104 30
93 57 98 58
93 207 104 207
93 26 104 26
93 98 98 99
93 206 104 206
93 67 104 67
93 25 104 25
94 61 105 61
94 224 105 224
94 95 105 95
94 245 105 245
94 183 99 184
94 220 105 220
94 154 105 154
94 79 105 79
94 229 99 230
94 84 99 85
94 97 105 97
94 176 105 176
94 35 105 35
94 39 105 39
94 14 105 14
94 89 99 90
94 60 105 60
94 65 105 65
94 189 105 189
95 242 106 242
95 110 106 110
95 4 106 4
95 191 106 191
95 241 106 241
95 105 106 105
95 31 106 31
95 74 106 74
95 244 106 244
95 190 106 190
95 202 106 202
95 209 106 209
95 104 106 104
95 73 106 73
95 131 106 131
95 158 106 158
95 208 106 208
95 56 106 56
95 122 106 122
96 210 98 213
96 44 101 45
96 1 101 2
96 72 107 72
96 199 107 199
96 48 107 48
96 188 107 188
96 142 107 142
96 42 101 43
96 15 101 16
96 143 107 143
96 217 101 218
96 19 101 20
96 59 107 59
97 103 108 103
97 164 108 164
97 179 108 179
97 150 108 150
97 118 108 118
97 64 108 64
97 88 108 88
97 51 108 51
97 13 108 13
97 219 108 219
97 149 108 149
97 38 108 38
97 215 102 216
97 108 102 109
97 71 108 71
97 17 102 18
97 120 102 121
97 198 108 198
97 87 108 87
97 214 108 214
98 195 109 195
98 82 109 82
98 113 103 114
98 106 109 106
98 246 100 249
98 200 109 200
98 91 109 91
98 145 109 145
98 138 109 138
98 192 101 194
98 21 101 23
98 201 109 201
98 33 109 33
98 80 103 81
98 233 109 233
98 124 109 124
98 132 103 133
98 116 109 116
98 156 109 156
98 152 109 152
98 94 109 94
98 144 109 144
99 223 110 223
99 57 110 57
99 162 110 162
99 141 110 141
99 119 110 119
99 210 101 213
99 12 110 12
99 243 110 243
99 3 110 3
99 32 110 32
99 126 110 126
99 40 110 40
99 98 104 99
99 239 110 239
99 102 110 102
99 55 110 55
99 54 110 54
99 163 110 163
99 112 110 112
99 58 110 58
99 157 110 157
100 228 103 230
100 125 111 125
100 174 111 174
100 0 111 0
100 183 105 184
100 237 111 237
100 140 111 140
100 84 105 85
100 75 111 75
100 153 111 153
100 129 111 129
100 10 105 11
100 89 105 90
100 227 111 227
100 69 111 69
100 77 111 77
100 7 111 7
100 147 105 148
100 117 111 117
101 247 104 249
101 222 112 222
101 96 112 96
101 49 112 49
101 173 112 173
101 24 112 24
101 37 112 37
101 246 112 246
101 172 112 172
101 168 106 169
101 36 112 36
101 171 112 171
102 42 104 45
102 15 107 16
102 46 113 46
102 194 113 194
102 128 113 128
102 63 113 63
102 211 105 213
102 20 104 23
102 167 113 167
102 8 113 8
102 83 113 83
102 137 113 137
102 235 113 235
102 204 107 205
102 1 107 2
102 192 107 193
102 127 113 127
102 196 113 196
102 115 113 115
102 217 107 218
102 130 113 130
102 107 113 107
102 68 113 68
102 6 113 6
102 62 113 62
102 19 113 19
102 50 113 50
103 17 114 17
103 134 108 135
103 120 108 121
103 9 114 9
103 186 114 186
103 28 108 29
103 108 114 108
103 225 114 225
103 215 114 215
103 53 114 53
103 240 114 240
103 170 114 170
103 236 114 236
103 166 114 166
103 185 114 185
103 111 114 111
103 177 108 178
103 52 114 52
103 165 114 165
103 161 114 161
103 151 114 151
103 197 114 197
103 76 114 76
103 109 114 109
104 221 115 221
104 226 115 226
104 123 115 123
104 230 115 230
104 139 115 139
104 181 115 181
104 234 115 234
104 41 115 41
104 66 115 66
104 132 109 133
104 78 115 78
104 136 115 136
104 34 115 34
104 5 115 5
104 113 109 114
104 80 115 80
104 228 115 228
104 146 115 146
104 92 115 92
104 187 115 187
104 203 115 203
104 47 115 47
104 81 115 81
104 229 115 229
104 180 115 180
104 160 115 160
105 20 110 21
105 207 116 207
105 101 116 101
105 43 108 45
105 23 116 23
105 27 116 27
105 206 116 206
105 100 116 100
105 248 116 248
105 182 116 182
105 42 116 42
105 18 116 18
105 22 116 22
105 247 116 247
105 26 116 26
105 30 116 30
105 231 116 231
105 98 116 98
105 25 116 25
105 86 116 86
106 210 108 213
106 89 111 90
106 65 117 65
106 99 117 99
106 183 111 184
106 224 117 224
106 95 117 95
106 245 117 245
106 154 117 154
106 220 117 220
106 67 117 67
106 175 111 176
106 79 117 79
106 84 111 85
106 39 117 39
106 147 111 148
106 35 117 35
106 14 117 14
106 97 117 97
106 60 111 61
106 189 117 189
106 93 117 93
107 202 118 202
107 105 118 105
107 209 118 209
107 244 118 244
107 190 112 191
107 4 118 4
107 216 118 216
107 104 118 104
107 31 118 31
107 73 112 74
107 131 118 131
107 208 118 208
107 158 112 159
107 169 118 169
107 242 118 242
107 122 118 122
107 10 118 10
107 168 118 168
107 56 118 56
107 241 118 241
107 110 118 110
108 142 113 143
108 48 119 48
108 188 119 188
108 204 113 205
108 15 113 16
108 11 119 11
108 192 113 193
108 217 113 218
108 1 113 2
108 59 119 59
108 199 119 199
108 249 119 249
108 72 119 72
109 177 114 178
109 87 114 88
109 219 120 219
109 134 114 135
109 44 114 45
109 71 120 71
109 13 120 13
109 211 111 214
109 121 120 121
109 238 120 238
109 149 114 150
109 28 120 28
109 51 120 51
109 43 120 43
109 210 120 210
109 120 120 120
109 179 120 179
109 198 120 198
109 38 120 38
109 103 120 103
109 64 120 64
109 118 120 118
110 91 121 91
110 138 121 138
110 29 121 29
110 33 121 33
110 201 121 201
110 232 121 232
110 155 115 156
110 132 115 133
110 233 121 233
110 116 121 116
110 124 121 124
110 144 115 145
110 195 121 195
110 82 121 82
110 152 121 152
110 113 115 114
110 94 121 94
110 164 121 164
110 106 121 106
110 200 121 200
111 32 122 32
111 239 122 239
111 102 122 102
111 40 122 40
111 243 122 243
111 126 122 126
111 55 122 55
111 163 122 163
111 21 122 21
111 54 122 54
111 162 122 162
111 112 122 112
111 58 122 58
111 157 122 157
111 20 122 20
111 223 122 223
111 119 122 119
111 57 122 57
111 3 122 3
112 85 123 85
112 147 123 147
112 227 123 227
112 77 123 77
112 7 123 7
112 69 123 69
112 213 117 214
112 174 115 176
112 125 123 125
112 0 123 0
112 117 123 117
112 148 123 148
112 60 117 61
112 183 117 184
112 140 123 140
112 153 123 153
112 237 123 237
112 75 123 75
112 211 117 212
112 129 123 129
112 84 123 84
112 89 123 89
113 171 116 173
113 96 124 96
113 190 118 191
113 24 124 24
113 222 124 222
113 49 124 49
113 37 124 37
113 73 118 74
113 159 124 159
113 246 124 246
113 36 124 36
113 158 124 158
114 143 125 143
114 2 125 2
114 62 119 63
114 107 125 107
114 68 125 68
114 205 125 205
114 19 125 19
114 50 125 50
114 15 125 15
114 46 125 46
114 193 125 193
114 218 125 218
114 167 125 167
114 128 125 128
114 194 125 194
114 8 125 8
114 141 125 141
114 137 125 137
114 83 125 83
114 204 125 204
114 130 125 130
114 127 125 127
114 235 125 235
114 196 125 196
114 192 125 192
114 6 125 6
114 115 125 115
114 217 125 217
115 134 120 135
115 142 126 142
115 185 120 186
115 76 126 76
115 150 120 151
115 45 126 45
115 53 126 53
115 88 126 88
115 225 126 225
115 149 126 149
115 9 126 9
115 44 126 44
115 87 126 87
115 52 126 52
115 109 126 109
115 197 126 197
115 236 126 236
115 166 126 166
115 170 126 170
115 178 126 178
115 108 126 108
115 161 126 161
115 165 126 165
116 144 119 146
116 156 127 156
116 17 127 17
116 228 119 230
116 174 118 177
116 47 127 47
116 203 127 203
116 215 127 215
116 113 127 113
116 80 121 81
116 92 127 92
116 187 127 187
116 160 127 160
116 114 127 114
116 226 127 226
116 180 121 181
116 139 127 139
116 234 127 234
116 41 127 41
116 66 127 66
116 132 121 133
116 78 127 78
116 155 127 155
116 221 127 221
116 5 127 5
116 136 127 136
116 34 127 34
116 123 127 123
117 42 128 42
117 240 128 240
117 27 128 27
117 182 128 182
117 231 128 231
117 248 128 248
117 98 128 98
117 247 128 247
117 18 128 18
117 173 128 173
117 30 128 30
117 26 128 26
117 207 128 207
117 101 128 101
117 172 128 172
117 25 128 25
117 86 128 86
117 206 128 206
117 100 128 100
117 16 128 16
117 171 128 171
118 224 129 224
118 79 129 79
118 211 120 214
118 67 129 67
118 95 129 95
118 14 129 14
118 35 129 35
118 183 123 184
118 39 129 39
118 220 129 220
118 97 129 97
118 245 129 245
118 60 129 60
118 65 129 65
118 189 129 189
118 93 129 93
118 99 129 99
118 61 129 61
119 104 124 105
119 244 130 244
119 73 124 74
119 131 130 131
119 190 124 191
119 209 130 209
119 31 130 31
119 216 130 216
119 208 130 208
119 177 130 177
119 10 130 10
119 168 130 168
119 110 124 111
119 242 130 242
119 176 130 176
119 175 130 175
119 202 130 202
119 122 130 122
119 1 130 1
119 56 130 56
119 241 130 241
119 4 130 4
119 174 130 174
120 48 131 48
120 249 131 249
120 199 131 199
120 145 125 146
120 230 131 230
120 72 131 72
120 188 131 188
120 11 125 12
120 23 131 23
120 228 125 229
120 62 125 63
120 59 131 59
120 144 131 144
121 118 132 118
121 185 126 186
121 135 132 135
121 64 132 64
121 238 132 238
121 213 126 214
121 43 132 43
121 51 132 51
121 121 132 121
121 134 132 134
121 71 132 71
121 212 132 212
121 38 132 38
121 179 132 179
121 150 132 150
121 13 132 13
121 120 132 120
121 211 132 211
121 103 132 103
121 219 132 219
121 198 132 198
121 210 132 210
121 28 132 28
122 94 133 94
122 180 127 181
122 90 127 91
122 138 133 138
122 106 133 106
122 29 133 29
122 200 127 201
122 151 127 152
122 80 125 82
122 232 127 233
122 132 133 132
122 116 133 116
122 70 133 70
122 124 133 124
122 133 133 133
122 164 133 164
122 195 133 195
123 119 134 119
123 20 128 21
123 40 134 40
123 3 134 3
123 102 134 102
123 32 134 32
123 126 134 126
123 223 134 223
123 162 128 163
123 157 134 157
123 55 134 55
123 239 134 239
123 112 134 112
123 58 134 58
123 243 134 243
123 57 134 57
124 140 135 140
124 147 135 147
124 125 135 125
124 237 135 237
124 117 135 117
124 148 135 148
124 75 135 75
124 183 129 184
124 129 135 129
124 153 129 154
124 22 135 22
124 169 135 169
124 84 129 85
124 7 135 7
124 227 135 227
124 69 135 69
124 89 135 89
124 54 135 54
125 190 136 190
125 37 136 37
125 24 136 24
125 110 130 111
125 73 130 74
125 49 136 49
125 36 136 36
125 159 136 159
125 104 136 104
125 158 136 158
125 191 136 191
125 96 136 96
126 128 137 128
126 15 137 15
126 46 137 46
126 167 137 167
126 82 131 83
126 145 131 146
126 63 137 63
126 0 137 0
126 8 137 8
126 246 137 246
126 137 137 137
126 141 137 141
126 130 137 130
126 192 129 194
126 80 131 81
126 196 137 196
126 115 137 115
126 2 137 2
126 235 137 235
126 204 131 205
126 127 137 127
126 19 137 19
126 217 131 218
126 50 137 50
126 107 137 107
126 143 137 143
126 62 137 62
126 228 137 228
126 11 131 12
127 185 138 185
127 9 138 9
127 213 132 214
127 53 138 53
127 161 138 161
127 197 138 197
127 52 138 52
127 229 138 229
127 225 138 225
127 88 138 88
127 142 138 142
127 149 138 149
127 76 132 77
127 109 138 109
127 87 138 87
127 178 138 178
127 105 138 105
127 186 138 186
127 236 138 236
127 166 138 166
127 170 138 170
127 108 138 108
128 221 133 222
128 44 139 44
128 155 133 156
128 180 133 181
128 136 139 136
128 151 133 152
128 41 139 41
128 78 139 78
128 232 131 234
128 45 139 45
128 203 139 203
128 90 131 92
128 200 133 201
128 215 139 215
128 34 139 34
128 5 133 6
128 187 139 187
128 47 139 47
128 226 139 226
128 113 139 113
128 139 139 139
129 182 140 182
129 26 134 27
129 173 140 173
129 240 140 240
129 18 140 18
129 165 140 165
129 98 140 98
129 25 140 25
129 172 140 172
129 247 134 248
129 160 140 160
129 114 140 114
129 207 140 207
129 21 140 21
129 171 140 171
129 101 140 101
129 16 134 17
129 206 140 206
129 20 140 20
129 86 140 86
129 100 140 100
129 162 134 163
130 39 141 39
130 35 141 35
130 153 135 154
130 84 135 85
130 192 135 193
130 220 141 220
130 245 141 245
130 65 132 68
130 183 135 184
130 60 135 61
130 99 141 99
130 231 141 231
130 79 141 79
130 194 141 194
130 42 141 42
130 189 141 189
130 95 141 95
130 224 141 224
130 14 141 14
130 97 141 97
131 216 142 216
131 73 136 74
131 176 136 177
131 30 136 31
131 242 142 242
131 10 142 10
131 168 142 168
131 56 142 56
131 241 142 241
131 122 136 123
131 1 142 1
131 175 142 175
131 202 142 202
131 209 142 209
131 244 142 244
131 4 142 4
131 131 142 131
131 208 142 208
132 146 143 146
132 80 143 80
132 204 137 205
132 233 137 234
132 92 137 93
132 59 143 59
132 188 143 188
132 217 137 218
132 230 143 230
132 72 143 72
132 48 143 48
132 23 143 23
132 144 143 144
132 82 137 83
132 11 137 12
132 90 143 90
132 199 143 199
132 91 143 91
132 249 143 249
133 38 144 38
133 198 144 198
133 213 138 214
133 65 135 68
133 135 144 135
133 103 144 103
133 64 144 64
133 118 144 118
133 71 144 71
133 13 144 13
133 51 144 51
133 211 138 212
133 219 144 219
133 179 144 179
133 121 144 121
133 238 144 238
133 210 144 210
134 29 145 29
134 132 139 133
134 5 145 5
134 195 145 195
134 76 139 77
134 200 139 201
134 6 145 6
134 150 137 152
134 106 145 106
134 138 145 138
134 110 139 111
134 221 139 222
134 155 145 155
134 94 145 94
134 180 139 181
134 120 145 120
134 70 145 70
134 116 145 116
135 58 146 58
135 124 146 124
135 27 140 28
135 162 138 164
135 112 146 112
135 247 140 248
135 57 146 57
135 3 146 3
135 239 146 239
135 26 146 26
135 157 146 157
135 126 146 126
135 17 146 17
135 40 146 40
135 102 146 102
135 55 146 55
135 16 146 16
135 43 146 43
136 227 147 227
136 119 147 119
136 22 147 22
136 68 141 69
136 147 141 148
136 61 147 61
136 85 147 85
136 89 147 89
136 232 147 232
136 65 139 67
136 54 147 54
136 183 141 184
136 7 147 7
136 117 147 117
136 125 147 125
136 140 147 140
136 153 141 154
136 129 147 129
136 60 147 60
136 192 147 192
136 75 147 75
137 122 148 122
137 176 142 177
137 36 142 37
137 159 148 159
137 73 142 74
137 30 142 31
137 193 148 193
137 158 148 158
137 191 148 191
137 134 148 134
137 49 148 49
137 190 148 190
137 223 148 223
137 24 148 24
137 104 148 104
137 123 148 123
138 167 149 167
138 128 149 128
138 237 149 237
138 246 149 246
138 233 141 235
138 84 149 84
138 32 149 32
138 92 143 93
138 127 149 127
138 141 149 141
138 2 149 2
138 137 149 137
138 107 149 107
138 196 149 196
138 19 149 19
138 204 143 205
138 50 149 50
138 130 149 130
138 62 143 63
138 96 149 96
138 151 143 152
138 82 149 82
138 217 143 218
138 15 149 15
138 46 149 46
138 11 143 12
138 228 149 228
138 143 149 143
138 0 149 0
138 83 149 83
138 8 149 8
139 213 144 214
139 164 150 164
139 52 150 52
139 212 150 212
139 142 150 142
139 88 150 88
139 163 150 163
139 186 150 186
139 145 150 145
139 225 150 225
139 149 144 150
139 229 150 229
139 178 150 178
139 105 150 105
139 211 150 211
139 109 150 109
139 170 150 170
139 162 150 162
139 185 150 185
139 9 150 9
139 236 150 236
139 166 150 166
139 87 150 87
139 161 150 161
139 53 150 53
139 115 150 115
140 180 145 181
140 47 151 47
140 203 151 203
140 133 151 133
140 44 145 45
140 200 145 201
140 67 151 67
140 221 151 221
140 76 143 78
140 41 151 41
140 222 151 222
140 33 145 34
140 139 151 139
140 65 145 66
140 187 151 187
140 136 151 136
140 132 151 132
140 113 151 113
140 215 151 215
141 86 152 86
141 111 152 111
141 27 146 28
141 247 146 248
141 173 146 174
141 206 146 207
141 165 152 165
141 114 152 114
141 172 152 172
141 18 152 18
141 160 152 160
141 25 152 25
141 21 152 21
141 101 152 101
141 171 152 171
141 182 152 182
141 108 152 108
141 20 152 20
141 100 152 100
142 226 153 226
142 183 147 184
142 81 153 81
142 220 153 220
142 234 147 235
142 154 153 154
142 99 153 99
142 147 147 148
142 194 153 194
142 169 153 169
142 42 153 42
142 79 153 79
142 224 153 224
142 97 147 98
142 95 153 95
142 68 147 69
142 39 153 39
142 14 153 14
142 233 153 233
142 153 153 153
143 36 148 37
143 30 148 31
143 176 148 177
143 1 154 1
143 242 145 245
143 175 154 175
143 56 154 56
143 4 154 4
143 202 154 202
143 241 154 241
143 131 154 131
143 74 154 74
143 240 154 240
143 209 154 209
143 73 154 73
143 189 154 189
143 208 154 208
143 10 154 10
143 168 154 168
143 216 154 216
144 78 155 78
144 91 155 91
144 249 155 249
144 146 155 146
144 199 155 199
144 59 155 59
144 63 155 63
144 188 155 188
144 204 149 205
144 92 155 92
144 80 155 80
144 217 149 218
144 72 155 72
144 151 149 152
144 76 149 77
144 48 155 48
144 23 155 23
144 230 149 231
144 144 155 144
144 11 149 12
144 62 155 62
145 197 150 198
145 135 156 135
145 150 156 150
145 38 156 38
145 219 156 219
145 103 156 103
145 64 156 64
145 238 156 238
145 149 156 149
145 118 156 118
145 210 156 210
145 214 156 214
145 121 156 121
145 13 156 13
146 201 157 201
146 33 149 35
146 29 157 29
146 70 151 71
146 243 157 243
146 66 157 66
146 116 157 116
146 5 157 5
146 6 157 6
146 179 149 181
146 195 157 195
146 245 157 245
146 138 157 138
146 93 151 94
146 44 151 45
146 200 157 200
146 155 157 155
146 106 157 106
146 242 157 242
146 65 157 65
147 207 158 207
147 157 158 157
147 17 158 17
147 248 158 248
147 173 152 174
147 112 158 112
147 206 158 206
147 124 158 124
147 16 158 16
147 247 158 247
147 57 152 58
147 28 158 28
147 3 158 3
147 90 158 90
147 40 158 40
147 102 158 102
147 27 158 27
147 43 158 43
147 126 158 126
147 55 158 55
147 26 158 26
148 7 159 7
148 147 153 148
148 85 159 85
148 89 159 89
148 120 159 120
148 97 153 98
148 183 153 184
148 117 159 117
148 129 159 129
148 234 153 235
148 125 159 125
148 110 159 110
148 192 159 192
148 75 159 75
148 227 159 227
148 68 153 69
148 60 153 61
148 119 159 119
148 22 159 22
148 232 159 232
149 134 160 134
149 30 154 31
149 158 154 159
149 54 160 54
149 104 160 104
149 37 160 37
149 190 160 190
149 49 160 49
149 24 160 24
149 36 160 36
149 239 160 239
149 123 160 123
149 177 160 177
149 156 160 156
149 193 160 193
149 122 160 122
149 176 160 176
150 246 161 246
150 204 155 205
150 33 153 35
150 127 155 128
150 84 161 84
150 196 161 196
150 180 161 180
150 130 161 130
150 231 161 231
150 11 155 12
150 15 161 15
150 46 161 46
150 143 161 143
150 19 161 19
150 228 161 228
150 217 155 218
150 50 161 50
150 8 161 8
150 0 161 0
150 244 161 244
150 82 155 83
150 151 155 152
150 237 161 237
150 140 155 141
150 51 161 51
150 167 161 167
150 32 161 32
150 191 161 191
150 179 161 179
150 137 161 137
150 107 161 107
150 230 161 230
150 76 161 76
150 2 161 2
151 229 162 229
151 225 162 225
151 109 162 109
151 212 162 212
151 105 162 105
151 170 162 170
151 236 162 236
151 166 162 166
151 88 162 88
151 162 154 164
151 9 162 9
151 145 162 145
151 178 162 178
151 211 162 211
151 161 162 161
151 198 162 198
151 87 162 87
151 185 156 186
151 197 162 197
151 53 162 53
151 142 162 142
151 115 162 115
151 213 162 213
151 52 162 52
152 44 157 45
152 132 157 133
152 136 163 136
152 221 155 223
152 181 163 181
152 93 157 94
152 70 157 71
152 203 163 203
152 96 163 96
152 67 163 67
152 215 163 215
152 187 163 187
152 47 163 47
152 113 163 113
152 139 163 139
153 114 164 114
153 171 155 174
153 101 164 101
153 21 164 21
153 25 164 25
153 86 164 86
153 100 164 100
153 182 164 182
153 108 164 108
153 77 164 77
153 165 164 165
153 58 164 58
153 111 164 111
153 41 164 41
153 160 164 160
153 18 164 18
153 57 164 57
154 153 159 154
154 183 159 184
154 98 159 99
154 233 157 235
154 69 165 69
154 60 165 60
154 220 165 220
154 226 165 226
154 33 159 34
154 81 165 81
154 147 159 148
154 61 165 61
154 169 165 169
154 194 165 194
154 79 165 79
154 39 165 39
154 224 165 224
154 95 165 95
154 14 165 14
154 68 165 68
154 97 165 97
155 159 166 159
155 30 160 31
155 216 166 216
155 189 166 189
155 208 160 209
155 1 166 1
155 56 166 56
155 168 166 168
155 74 166 74
155 35 166 35
155 202 166 202
155 4 166 4
155 175 166 175
155 73 166 73
155 163 160 164
155 241 166 241
155 162 166 162
155 131 166 131
155 240 166 240
155 10 166 10
156 172 159 174
156 249 167 249
156 83 167 83
156 72 167 72
156 146 167 146
156 63 167 63
156 59 167 59
156 205 167 205
156 188 167 188
156 92 167 92
156 11 161 12
156 221 159 223
156 80 167 80
156 151 161 152
156 140 167 140
156 217 161 218
156 128 167 128
156 23 167 23
156 144 167 144
156 127 167 127
156 199 167 199
156 82 167 82
156 171 167 171
156 62 167 62
156 204 167 204
157 238 168 238
157 158 168 158
157 185 168 185
157 64 168 64
157 150 168 150
157 219 168 219
157 13 168 13
157 91 168 91
157 118 168 118
157 214 168 214
157 210 168 210
157 121 168 121
157 38 168 38
157 103 168 103
158 235 169 235
158 5 163 6
158 149 169 149
158 71 169 71
158 133 169 133
158 195 169 195
158 138 169 138
158 233 163 234
158 242 169 242
158 93 163 94
158 44 163 45
158 155 169 155
158 65 163 66
158 106 169 106
158 135 169 135
158 243 169 243
158 116 169 116
158 132 169 132
158 29 169 29
159 27 164 28
159 248 170 248
159 3 170 3
159 186 170 186
159 247 170 247
159 26 170 26
159 126 170 126
159 17 170 17
159 102 170 102
159 40 170 40
159 157 170 157
159 55 170 55
159 16 170 16
159 207 170 207
159 112 170 112
159 43 170 43
160 33 165 34
160 174 171 174
160 232 171 232
160 99 171 99
160 22 171 22
160 42 171 42
160 147 165 148
160 221 163 223
160 7 171 7
160 119 165 120
160 206 171 206
160 89 165 90
160 85 171 85
160 183 165 184
160 172 165 173
160 129 171 129
160 153 165 154
160 75 171 75
160 117 171 117
160 110 171 110
160 98 171 98
160 192 171 192
160 48 171 48
160 227 171 227
161 245 172 245
161 30 166 31
161 104 172 104
161 190 172 190
161 239 172 239
161 78 172 78
161 54 172 54
161 156 172 156
161 123 164 125
161 193 172 193
161 177 172 177
161 37 172 37
161 164 172 164
161 200 172 200
161 122 172 122
161 176 172 176
161 36 172 36
161 163 172 163
161 134 172 134
161 208 166 209
162 230 167 231
162 2 173 2
162 107 173 107
162 246 173 246
162 15 173 15
162 130 173 130
162 46 173 46
162 11 173 11
162 84 173 84
162 49 167 50
162 143 173 143
162 19 167 20
162 12 173 12
162 8 173 8
162 228 173 228
162 151 167 152
162 70 173 70
162 217 167 218
162 244 173 244
162 167 173 167
162 237 173 237
162 51 173 51
162 191 173 191
162 179 173 179
162 137 173 137
163 88 174 88
163 197 174 197
163 105 174 105
163 76 174 76
163 109 174 109
163 87 174 87
163 225 174 225
163 229 174 229
163 211 166 213
163 145 174 145
163 142 174 142
163 9 174 9
163 178 174 178
163 115 174 115
163 53 174 53
163 236 174 236
163 166 174 166
163 0 174 0
163 141 174 141
163 170 174 170
163 52 174 52
163 161 174 161
164 181 175 181
164 5 169 6
164 203 175 203
164 234 175 234
164 44 169 45
164 221 167 223
164 139 175 139
164 93 169 94
164 65 169 66
164 187 175 187
164 96 175 96
164 180 175 180
164 113 175 113
164 215 175 215
164 47 175 47
165 201 176 201
165 27 170 28
165 77 176 77
165 18 176 18
165 125 176 125
165 233 176 233
165 101 176 101
165 182 176 182
165 21 176 21
165 25 176 25
165 100 176 100
165 58 176 58
165 198 176 198
165 86 176 86
165 108 176 108
165 165 176 165
165 123 170 124
165 136 176 136
165 57 176 57
165 111 176 111
165 114 176 114
166 224 177 224
166 148 177 148
166 39 177 39
166 183 171 184
166 60 171 61
166 97 177 97
166 95 177 95
166 153 171 154
166 194 177 194
166 79 177 79
166 67 169 69
166 172 171 173
166 41 177 41
166 119 171 120
166 226 177 226
166 33 171 34
166 220 177 220
166 89 171 90
166 81 177 81
166 147 177 147
166 24 177 24
167 189 178 189
167 162 178 162
167 4 178 4
167 31 172 32
167 202 178 202
167 56 178 56
167 73 172 74
167 213 178 213
167 159 172 160
167 209 178 209
167 30 178 30
167 216 178 216
167 168 178 168
167 212 178 212
167 131 178 131
167 10 178 10
167 241 178 241
167 196 178 196
167 35 178 35
167 175 178 175
167 211 178 211
167 240 178 240
167 1 178 1
168 80 179 80
168 223 179 223
168 92 179 92
168 199 179 199
168 59 179 59
168 63 179 63
168 249 179 249
168 72 179 72
168 146 179 146
168 19 179 19
168 23 179 23
168 204 173 205
168 171 179 171
168 217 173 218
168 82 173 83
168 221 173 222
168 151 173 152
168 49 179 49
168 188 179 188
168 230 173 231
168 127 173 128
168 50 179 50
168 62 179 62
169 150 180 150
169 185 180 185
169 38 180 38
169 158 180 158
169 103 180 103
169 219 180 219
169 64 180 64
169 118 180 118
169 144 180 144
169 238 180 238
169 91 180 91
169 214 180 214
169 13 180 13
169 121 180 121
170 71 181 71
170 67 173 69
170 5 175 6
170 242 175 243
170 138 181 138
170 155 181 155
170 135 181 135
170 93 175 94
170 65 175 66
170 106 181 106
170 44 175 45
170 235 181 235
170 132 175 133
170 169 181 169
170 149 181 149
170 116 181 116
170 195 181 195
171 27 174 29
171 124 182 124
171 112 182 112
171 186 182 186
171 248 182 248
171 3 182 3
171 123 182 123
171 14 182 14
171 208 182 208
171 247 182 247
171 126 182 126
171 40 182 40
171 157 182 157
171 102 182 102
171 16 176 17
171 55 182 55
171 20 182 20
171 43 182 43
171 207 182 207
172 120 183 120
172 206 183 206
172 173 177 174
172 75 183 75
172 42 183 42
172 117 183 117
172 232 183 232
172 34 183 34
172 26 183 26
172 129 183 129
172 154 183 154
172 60 177 61
172 183 177 184
172 89 177 90
172 48 183 48
172 98 177 99
172 119 183 119
172 7 183 7
172 172 183 172
173 159 178 160
173 31 176 33
173 74 184 74
173 54 184 54
173 193 184 193
173 104 184 104
173 73 184 73
173 239 184 239
173 134 184 134
173 200 184 200
173 176 178 177
173 192 184 192
173 164 184 164
173 122 184 122
173 156 184 156
173 110 184 110
173 36 178 37
173 245 184 245
173 163 184 163
173 190 184 190
174 84 179 85
174 227 179 228
174 231 185 231
174 11 179 12
174 204 179 205
174 15 185 15
174 127 179 128
174 69 179 70
174 46 185 46
174 143 185 143
174 8 185 8
174 151 177 153
174 78 185 78
174 51 185 51
174 82 179 83
174 217 179 218
174 167 185 167
174 221 179 222
174 67 179 68
174 179 185 179
174 237 185 237
174 191 185 191
174 2 185 2
174 230 185 230
174 130 185 130
174 107 185 107
174 246 185 246
175 88 186 88
175 142 186 142
175 9 186 9
175 236 186 236
175 166 186 166
175 141 186 141
175 145 186 145
175 178 186 178
175 115 186 115
175 28 180 29
175 210 186 210
175 52 180 53
175 76 186 76
175 27 186 27
175 105 186 105
175 229 186 229
176 0 187 0
176 187 187 187
176 47 187 47
176 242 181 243
176 215 187 215
176 44 181 45
176 5 181 6
176 234 187 234
176 180 181 181
176 137 187 137
176 93 181 94
176 65 181 66
176 96 187 96
176 113 187 113
176 139 181 140
176 109 187 109
177 165 188 165
177 86 188 86
177 33 188 33
177 31 182 32
177 111 188 111
177 201 188 201
177 197 182 198
177 114 188 114
177 77 188 77
177 18 188 18
177 233 188 233
177 125 188 125
177 182 188 182
177 58 188 58
177 203 188 203
177 101 188 101
177 87 188 87
177 136 188 136
177 57 188 57
177 108 188 108
177 16 188 16
177 100 188 100
178 225 183 226
178 153 189 153
178 184 189 184
178 97 181 99
178 39 189 39
178 220 189 220
178 60 183 61
178 79 189 79
178 21 189 21
178 173 183 174
178 151 183 152
178 147 183 148
178 89 183 90
178 41 189 41
178 81 189 81
178 224 189 224
178 183 189 183
178 194 189 194
178 24 183 25
179 36 184 37
179 177 190 177
179 196 190 196
179 30 190 30
179 189 190 189
179 160 182 162
179 212 184 213
179 56 190 56
179 168 190 168
179 216 190 216
179 176 190 176
179 4 190 4
179 211 190 211
179 202 190 202
179 241 190 241
179 131 190 131
179 240 190 240
179 10 190 10
179 209 190 209
179 159 190 159
179 22 190 22
180 69 191 69
180 63 191 63
180 171 191 171
180 249 191 249
180 85 191 85
180 146 191 146
180 11 185 12
180 205 191 205
180 23 191 23
180 19 191 19
180 221 183 223
180 188 191 188
180 217 191 217
180 227 185 228
180 82 185 83
180 127 185 128
180 49 185 50
180 67 185 68
180 199 191 199
180 17 191 17
180 62 191 62
180 170 191 170
180 35 191 35
180 72 191 72
180 84 191 84
180 80 191 80
180 92 191 92
180 204 191 204
181 53 192 53
181 64 192 64
181 238 192 238
181 13 192 13
181 219 192 219
181 29 192 29
181 214 192 214
181 91 192 91
181 218 192 218
181 38 192 38
181 28 192 28
181 244 192 244
181 121 192 121
181 150 192 150
181 103 192 103
181 185 192 185
182 139 187 140
182 6 193 6
182 106 193 106
182 242 187 243
182 98 187 99
182 135 193 135
182 44 193 44
182 180 187 181
182 169 193 169
182 93 185 95
182 66 193 66
182 45 193 45
182 70 187 71
182 144 193 144
182 195 193 195
182 138 193 138
182 175 193 175
182 5 193 5
182 116 193 116
182 97 193 97
182 158 193 158
183 162 194 162
183 14 194 14
183 112 194 112
183 197 188 198
183 186 194 186
183 248 194 248
183 161 194 161
183 123 188 124
183 40 194 40
183 32 194 32
183 102 194 102
183 247 194 247
183 126 194 126
183 160 194 160
183 208 194 208
183 207 194 207
183 118 194 118
183 157 194 157
183 55 194 55
183 20 194 20
183 132 194 132
183 3 194 3
183 31 194 31
184 61 195 61
184 34 195 34
184 173 189 174
184 7 195 7
184 42 189 43
184 154 189 155
184 89 189 90
184 120 195 120
184 232 195 232
184 147 195 147
184 221 189 222
184 151 189 152
184 117 195 117
184 206 195 206
184 59 189 60
184 129 195 129
184 48 195 48
184 133 195 133
184 52 195 52
184 25 195 25
184 149 195 149
184 119 195 119
185 190 196 190
185 75 196 75
185 223 196 223
185 54 196 54
185 235 196 235
185 239 196 239
185 37 196 37
185 156 196 156
185 164 196 164
185 226 196 226
185 172 196 172
185 213 196 213
185 163 196 163
185 134 196 134
185 73 190 74
185 192 190 193
185 225 196 225
185 200 196 200
185 122 196 122
185 212 196 212
186 143 197 143
186 127 191 128
186 49 189 51
186 15 197 15
186 46 197 46
186 11 197 11
186 237 197 237
186 93 189 95
186 245 197 245
186 78 197 78
186 148 197 148
186 230 191 231
186 179 197 179
186 82 191 83
186 246 197 246
186 67 191 68
186 110 197 110
186 227 191 228
186 130 197 130
186 107 197 107
187 76 198 76
187 26 192 27
187 142 198 142
187 88 198 88
187 9 198 9
187 236 198 236
187 145 198 145
187 178 198 178
187 115 198 115
187 210 198 210
188 215 199 215
188 99 199 99
188 2 199 2
188 242 193 243
188 180 193 181
188 96 199 96
188 139 191 141
188 109 199 109
188 105 199 105
188 70 193 71
188 47 199 47
188 0 193 1
188 113 199 113
188 187 199 187
188 234 199 234
188 137 199 137
189 233 199 233
189 101 199 101
189 203 199 203
189 125 199 125
189 182 199 182
189 108 199 108
189 165 194 166
189 198 199 198
189 124 199 124
189 87 199 87
189 33 199 33
189 201 199 201
189 57 194 58
189 123 199 123
189 86 199 86
189 77 199 77
190 220 193 222
190 60 199 60
190 154 195 155
190 79 199 79
190 49 193 51
190 151 193 153
190 173 195 174
190 81 199 81
190 224 199 224
190 89 195 90
190 41 193 43
190 93 193 95
190 183 195 184
190 39 199 39
190 21 199 21
191 56 199 56
191 176 196 177
191 202 199 202
191 209 199 209
191 22 199 22
191 73 196 74
191 193 199 193
191 10 199 10
191 191 196 192
191 241 199 241
191 216 199 216
191 167 196 168
191 196 196 197
191 240 199 240
191 4 199 4
192 228 194 231
192 35 197 36
192 72 199 72
192 171 199 171
192 63 199 63
192 68 197 69
192 18 197 19
192 92 199 92
192 204 197 205
192 139 195 141
192 23 197 24
192 188 197 189
192 85 199 85
192 217 199 217
192 16 197 17
192 127 197 128
192 82 195 84
192 170 199 170
192 62 199 62
192 67 199 67
193 103 198 104
193 64 198 65
193 26 195 29
193 12 198 13
194 50 199 51
194 158 199 159
194 43 197 45
194 150 196 153
194 220 197 222
194 135 199 136
194 180 199 181
194 242 197 244
194 93 197 95
194 41 199 42
194 194 199 195
194 0 199 1
194 70 199 71
194 5 199 6
195 31 199 32
195 227 197 230
195 161 199 162
195 57 198 59
195 207 199 208
195 248 199 249
195 131 199 132
196 173 199 175
196 25 197 30
196 117 199 119
196 183 198 186
196 48 199 49
196 7 199 8
196 138 198 141
196 89 199 91
197 120 199 122
197 152 198 157
197 73 199 75
197 53 199 55
197 212 199 214
197 165 199 168
198 219 199 223
198 225 199 230
198 14 199 19
198 242 199 247
198 126 199 130
198 23 199 28
199 147 199 157
199 139 199 146
